2024-07-24T17:16:47.230Z [Modules] Modules initializing
2024-07-24T17:16:47.230Z [Modules] Distribution: remote
2024-07-24T17:16:47.230Z [Modules] Host updates: enabled
2024-07-24T17:16:47.230Z [Modules] Module updates: enabled
2024-07-24T17:16:47.230Z [Modules] Module install path: /home/sauce/.config/discord/0.0.61/modules
2024-07-24T17:16:47.230Z [Modules] Module installed file path: /home/sauce/.config/discord/0.0.61/modules/installed.json
2024-07-24T17:16:47.230Z [Modules] Module download path: /home/sauce/.config/discord/0.0.61/modules/pending
2024-07-24T17:16:47.446Z [Modules] Bootstrapping...
2024-07-24T17:16:47.447Z [Modules] Installing discord_desktop_core@0 from /opt/discord/resources/bootstrap/discord_desktop_core.zip
2024-07-24T17:16:47.449Z [Modules] Failed installing discord_desktop_core@0: Error: ENOENT: no such file or directory, open '/opt/discord/resources/bootstrap/discord_desktop_core.zip'
2024-07-24T17:16:47.449Z [Modules] Installing discord_erlpack@0 from /opt/discord/resources/bootstrap/discord_erlpack.zip
2024-07-24T17:16:47.451Z [Modules] Failed installing discord_erlpack@0: Error: ENOENT: no such file or directory, open '/opt/discord/resources/bootstrap/discord_erlpack.zip'
2024-07-24T17:16:47.451Z [Modules] Installing discord_spellcheck@0 from /opt/discord/resources/bootstrap/discord_spellcheck.zip
2024-07-24T17:16:47.461Z [Modules] Failed installing discord_spellcheck@0: Error: ENOENT: no such file or directory, open '/opt/discord/resources/bootstrap/discord_spellcheck.zip'
2024-07-24T17:16:47.461Z [Modules] Installing discord_utils@0 from /opt/discord/resources/bootstrap/discord_utils.zip
2024-07-24T17:16:47.462Z [Modules] Failed installing discord_utils@0: Error: ENOENT: no such file or directory, open '/opt/discord/resources/bootstrap/discord_utils.zip'
2024-07-24T17:16:47.463Z [Modules] Installing discord_voice@0 from /opt/discord/resources/bootstrap/discord_voice.zip
2024-07-24T17:16:47.464Z [Modules] Failed installing discord_voice@0: Error: ENOENT: no such file or directory, open '/opt/discord/resources/bootstrap/discord_voice.zip'
2024-07-24T17:16:47.464Z [Modules] Installing discord_zstd@0 from /opt/discord/resources/bootstrap/discord_zstd.zip
2024-07-24T17:16:47.465Z [Modules] Failed installing discord_zstd@0: Error: ENOENT: no such file or directory, open '/opt/discord/resources/bootstrap/discord_zstd.zip'
2024-07-24T17:16:47.465Z [Modules] Finished module installations. [success: 0] [failure: 6]
2024-07-24T17:16:47.465Z [Modules] Checking for host updates.
2024-07-24T17:16:47.641Z [Modules] Host is up to date.
2024-07-24T17:16:47.642Z [Modules] Checking for module updates at https://discord.com/api/modules/stable/versions.json
2024-07-24T17:16:47.701Z [Modules] Module update available: discord_desktop_core@1 [installed: 0]
2024-07-24T17:16:47.701Z [Modules] Module update available: discord_erlpack@1 [installed: 0]
2024-07-24T17:16:47.701Z [Modules] Module update available: discord_spellcheck@1 [installed: 0]
2024-07-24T17:16:47.701Z [Modules] Module update available: discord_utils@1 [installed: 0]
2024-07-24T17:16:47.701Z [Modules] Module update available: discord_voice@1 [installed: 0]
2024-07-24T17:16:47.701Z [Modules] Module update available: discord_zstd@1 [installed: 0]
2024-07-24T17:16:47.702Z [Modules] Fetching discord_desktop_core@1 from https://discord.com/api/modules/stable/discord_desktop_core/1
2024-07-24T17:16:47.703Z [Modules] Streaming discord_desktop_core@1 to /home/sauce/.config/discord/0.0.61/modules/pending/discord_desktop_core-1.zip
2024-07-24T17:16:48.290Z [Modules] Streaming discord_desktop_core@1 to /home/sauce/.config/discord/0.0.61/modules/pending/discord_desktop_core-1.zip: 2%
2024-07-24T17:16:48.435Z [Modules] Streaming discord_desktop_core@1 to /home/sauce/.config/discord/0.0.61/modules/pending/discord_desktop_core-1.zip: 4%
2024-07-24T17:16:48.439Z [Modules] Streaming discord_desktop_core@1 to /home/sauce/.config/discord/0.0.61/modules/pending/discord_desktop_core-1.zip: 5%
2024-07-24T17:16:48.472Z [Modules] Streaming discord_desktop_core@1 to /home/sauce/.config/discord/0.0.61/modules/pending/discord_desktop_core-1.zip: 6%
2024-07-24T17:16:48.479Z [Modules] Streaming discord_desktop_core@1 to /home/sauce/.config/discord/0.0.61/modules/pending/discord_desktop_core-1.zip: 7%
2024-07-24T17:16:48.487Z [Modules] Streaming discord_desktop_core@1 to /home/sauce/.config/discord/0.0.61/modules/pending/discord_desktop_core-1.zip: 9%
2024-07-24T17:16:48.491Z [Modules] Streaming discord_desktop_core@1 to /home/sauce/.config/discord/0.0.61/modules/pending/discord_desktop_core-1.zip: 10%
2024-07-24T17:16:48.494Z [Modules] Streaming discord_desktop_core@1 to /home/sauce/.config/discord/0.0.61/modules/pending/discord_desktop_core-1.zip: 11%
2024-07-24T17:16:48.499Z [Modules] Streaming discord_desktop_core@1 to /home/sauce/.config/discord/0.0.61/modules/pending/discord_desktop_core-1.zip: 12%
2024-07-24T17:16:48.536Z [Modules] Streaming discord_desktop_core@1 to /home/sauce/.config/discord/0.0.61/modules/pending/discord_desktop_core-1.zip: 14%
2024-07-24T17:16:48.541Z [Modules] Streaming discord_desktop_core@1 to /home/sauce/.config/discord/0.0.61/modules/pending/discord_desktop_core-1.zip: 15%
2024-07-24T17:16:48.547Z [Modules] Streaming discord_desktop_core@1 to /home/sauce/.config/discord/0.0.61/modules/pending/discord_desktop_core-1.zip: 17%
2024-07-24T17:16:48.550Z [Modules] Streaming discord_desktop_core@1 to /home/sauce/.config/discord/0.0.61/modules/pending/discord_desktop_core-1.zip: 18%
2024-07-24T17:16:48.557Z [Modules] Streaming discord_desktop_core@1 to /home/sauce/.config/discord/0.0.61/modules/pending/discord_desktop_core-1.zip: 21%
2024-07-24T17:16:48.561Z [Modules] Streaming discord_desktop_core@1 to /home/sauce/.config/discord/0.0.61/modules/pending/discord_desktop_core-1.zip: 23%
2024-07-24T17:16:48.565Z [Modules] Streaming discord_desktop_core@1 to /home/sauce/.config/discord/0.0.61/modules/pending/discord_desktop_core-1.zip: 26%
2024-07-24T17:16:48.571Z [Modules] Streaming discord_desktop_core@1 to /home/sauce/.config/discord/0.0.61/modules/pending/discord_desktop_core-1.zip: 28%
2024-07-24T17:16:48.574Z [Modules] Streaming discord_desktop_core@1 to /home/sauce/.config/discord/0.0.61/modules/pending/discord_desktop_core-1.zip: 31%
2024-07-24T17:16:48.677Z [Modules] Streaming discord_desktop_core@1 to /home/sauce/.config/discord/0.0.61/modules/pending/discord_desktop_core-1.zip: 33%
2024-07-24T17:16:48.685Z [Modules] Streaming discord_desktop_core@1 to /home/sauce/.config/discord/0.0.61/modules/pending/discord_desktop_core-1.zip: 35%
2024-07-24T17:16:48.695Z [Modules] Streaming discord_desktop_core@1 to /home/sauce/.config/discord/0.0.61/modules/pending/discord_desktop_core-1.zip: 38%
2024-07-24T17:16:48.698Z [Modules] Streaming discord_desktop_core@1 to /home/sauce/.config/discord/0.0.61/modules/pending/discord_desktop_core-1.zip: 40%
2024-07-24T17:16:48.710Z [Modules] Streaming discord_desktop_core@1 to /home/sauce/.config/discord/0.0.61/modules/pending/discord_desktop_core-1.zip: 43%
2024-07-24T17:16:48.714Z [Modules] Streaming discord_desktop_core@1 to /home/sauce/.config/discord/0.0.61/modules/pending/discord_desktop_core-1.zip: 45%
2024-07-24T17:16:48.719Z [Modules] Streaming discord_desktop_core@1 to /home/sauce/.config/discord/0.0.61/modules/pending/discord_desktop_core-1.zip: 47%
2024-07-24T17:16:48.723Z [Modules] Streaming discord_desktop_core@1 to /home/sauce/.config/discord/0.0.61/modules/pending/discord_desktop_core-1.zip: 49%
2024-07-24T17:16:48.752Z [Modules] Streaming discord_desktop_core@1 to /home/sauce/.config/discord/0.0.61/modules/pending/discord_desktop_core-1.zip: 51%
2024-07-24T17:16:48.761Z [Modules] Streaming discord_desktop_core@1 to /home/sauce/.config/discord/0.0.61/modules/pending/discord_desktop_core-1.zip: 54%
2024-07-24T17:16:48.860Z [Modules] Streaming discord_desktop_core@1 to /home/sauce/.config/discord/0.0.61/modules/pending/discord_desktop_core-1.zip: 56%
2024-07-24T17:16:48.863Z [Modules] Streaming discord_desktop_core@1 to /home/sauce/.config/discord/0.0.61/modules/pending/discord_desktop_core-1.zip: 58%
2024-07-24T17:16:48.872Z [Modules] Streaming discord_desktop_core@1 to /home/sauce/.config/discord/0.0.61/modules/pending/discord_desktop_core-1.zip: 59%
2024-07-24T17:16:48.876Z [Modules] Streaming discord_desktop_core@1 to /home/sauce/.config/discord/0.0.61/modules/pending/discord_desktop_core-1.zip: 62%
2024-07-24T17:16:48.881Z [Modules] Streaming discord_desktop_core@1 to /home/sauce/.config/discord/0.0.61/modules/pending/discord_desktop_core-1.zip: 63%
2024-07-24T17:16:48.885Z [Modules] Streaming discord_desktop_core@1 to /home/sauce/.config/discord/0.0.61/modules/pending/discord_desktop_core-1.zip: 65%
2024-07-24T17:16:48.894Z [Modules] Streaming discord_desktop_core@1 to /home/sauce/.config/discord/0.0.61/modules/pending/discord_desktop_core-1.zip: 68%
2024-07-24T17:16:48.898Z [Modules] Streaming discord_desktop_core@1 to /home/sauce/.config/discord/0.0.61/modules/pending/discord_desktop_core-1.zip: 70%
2024-07-24T17:16:48.907Z [Modules] Streaming discord_desktop_core@1 to /home/sauce/.config/discord/0.0.61/modules/pending/discord_desktop_core-1.zip: 73%
2024-07-24T17:16:48.964Z [Modules] Streaming discord_desktop_core@1 to /home/sauce/.config/discord/0.0.61/modules/pending/discord_desktop_core-1.zip: 74%
2024-07-24T17:16:49.109Z [Modules] Streaming discord_desktop_core@1 to /home/sauce/.config/discord/0.0.61/modules/pending/discord_desktop_core-1.zip: 77%
2024-07-24T17:16:49.120Z [Modules] Streaming discord_desktop_core@1 to /home/sauce/.config/discord/0.0.61/modules/pending/discord_desktop_core-1.zip: 80%
2024-07-24T17:16:49.122Z [Modules] Streaming discord_desktop_core@1 to /home/sauce/.config/discord/0.0.61/modules/pending/discord_desktop_core-1.zip: 83%
2024-07-24T17:16:49.124Z [Modules] Streaming discord_desktop_core@1 to /home/sauce/.config/discord/0.0.61/modules/pending/discord_desktop_core-1.zip: 92%
2024-07-24T17:16:49.193Z [Modules] Streaming discord_desktop_core@1 to /home/sauce/.config/discord/0.0.61/modules/pending/discord_desktop_core-1.zip: 94%
2024-07-24T17:16:49.194Z [Modules] Streaming discord_desktop_core@1 to /home/sauce/.config/discord/0.0.61/modules/pending/discord_desktop_core-1.zip: 99%
2024-07-24T17:16:49.196Z [Modules] Streaming discord_desktop_core@1 to /home/sauce/.config/discord/0.0.61/modules/pending/discord_desktop_core-1.zip: 100%
2024-07-24T17:16:49.199Z [Modules] Fetching discord_erlpack@1 from https://discord.com/api/modules/stable/discord_erlpack/1
2024-07-24T17:16:49.199Z [Modules] Streaming discord_erlpack@1 to /home/sauce/.config/discord/0.0.61/modules/pending/discord_erlpack-1.zip
2024-07-24T17:16:49.368Z [Modules] Streaming discord_erlpack@1 to /home/sauce/.config/discord/0.0.61/modules/pending/discord_erlpack-1.zip: 1%
2024-07-24T17:16:49.370Z [Modules] Streaming discord_erlpack@1 to /home/sauce/.config/discord/0.0.61/modules/pending/discord_erlpack-1.zip: 2%
2024-07-24T17:16:49.374Z [Modules] Streaming discord_erlpack@1 to /home/sauce/.config/discord/0.0.61/modules/pending/discord_erlpack-1.zip: 6%
2024-07-24T17:16:49.375Z [Modules] Streaming discord_erlpack@1 to /home/sauce/.config/discord/0.0.61/modules/pending/discord_erlpack-1.zip: 7%
2024-07-24T17:16:49.379Z [Modules] Streaming discord_erlpack@1 to /home/sauce/.config/discord/0.0.61/modules/pending/discord_erlpack-1.zip: 10%
2024-07-24T17:16:49.379Z [Modules] Streaming discord_erlpack@1 to /home/sauce/.config/discord/0.0.61/modules/pending/discord_erlpack-1.zip: 11%
2024-07-24T17:16:49.385Z [Modules] Streaming discord_erlpack@1 to /home/sauce/.config/discord/0.0.61/modules/pending/discord_erlpack-1.zip: 14%
2024-07-24T17:16:49.386Z [Modules] Streaming discord_erlpack@1 to /home/sauce/.config/discord/0.0.61/modules/pending/discord_erlpack-1.zip: 15%
2024-07-24T17:16:49.390Z [Modules] Streaming discord_erlpack@1 to /home/sauce/.config/discord/0.0.61/modules/pending/discord_erlpack-1.zip: 18%
2024-07-24T17:16:49.391Z [Modules] Streaming discord_erlpack@1 to /home/sauce/.config/discord/0.0.61/modules/pending/discord_erlpack-1.zip: 19%
2024-07-24T17:16:49.396Z [Modules] Streaming discord_erlpack@1 to /home/sauce/.config/discord/0.0.61/modules/pending/discord_erlpack-1.zip: 21%
2024-07-24T17:16:49.401Z [Modules] Streaming discord_erlpack@1 to /home/sauce/.config/discord/0.0.61/modules/pending/discord_erlpack-1.zip: 24%
2024-07-24T17:16:49.407Z [Modules] Streaming discord_erlpack@1 to /home/sauce/.config/discord/0.0.61/modules/pending/discord_erlpack-1.zip: 26%
2024-07-24T17:16:49.413Z [Modules] Streaming discord_erlpack@1 to /home/sauce/.config/discord/0.0.61/modules/pending/discord_erlpack-1.zip: 28%
2024-07-24T17:16:49.416Z [Modules] Streaming discord_erlpack@1 to /home/sauce/.config/discord/0.0.61/modules/pending/discord_erlpack-1.zip: 29%
2024-07-24T17:16:49.422Z [Modules] Streaming discord_erlpack@1 to /home/sauce/.config/discord/0.0.61/modules/pending/discord_erlpack-1.zip: 31%
2024-07-24T17:16:49.423Z [Modules] Streaming discord_erlpack@1 to /home/sauce/.config/discord/0.0.61/modules/pending/discord_erlpack-1.zip: 34%
2024-07-24T17:16:49.423Z [Modules] Streaming discord_erlpack@1 to /home/sauce/.config/discord/0.0.61/modules/pending/discord_erlpack-1.zip: 35%
2024-07-24T17:16:49.424Z [Modules] Streaming discord_erlpack@1 to /home/sauce/.config/discord/0.0.61/modules/pending/discord_erlpack-1.zip: 36%
2024-07-24T17:16:49.429Z [Modules] Streaming discord_erlpack@1 to /home/sauce/.config/discord/0.0.61/modules/pending/discord_erlpack-1.zip: 39%
2024-07-24T17:16:49.429Z [Modules] Streaming discord_erlpack@1 to /home/sauce/.config/discord/0.0.61/modules/pending/discord_erlpack-1.zip: 40%
2024-07-24T17:16:49.434Z [Modules] Streaming discord_erlpack@1 to /home/sauce/.config/discord/0.0.61/modules/pending/discord_erlpack-1.zip: 43%
2024-07-24T17:16:49.435Z [Modules] Streaming discord_erlpack@1 to /home/sauce/.config/discord/0.0.61/modules/pending/discord_erlpack-1.zip: 45%
2024-07-24T17:16:49.440Z [Modules] Streaming discord_erlpack@1 to /home/sauce/.config/discord/0.0.61/modules/pending/discord_erlpack-1.zip: 48%
2024-07-24T17:16:49.440Z [Modules] Streaming discord_erlpack@1 to /home/sauce/.config/discord/0.0.61/modules/pending/discord_erlpack-1.zip: 49%
2024-07-24T17:16:49.445Z [Modules] Streaming discord_erlpack@1 to /home/sauce/.config/discord/0.0.61/modules/pending/discord_erlpack-1.zip: 52%
2024-07-24T17:16:49.445Z [Modules] Streaming discord_erlpack@1 to /home/sauce/.config/discord/0.0.61/modules/pending/discord_erlpack-1.zip: 53%
2024-07-24T17:16:49.452Z [Modules] Streaming discord_erlpack@1 to /home/sauce/.config/discord/0.0.61/modules/pending/discord_erlpack-1.zip: 56%
2024-07-24T17:16:49.453Z [Modules] Streaming discord_erlpack@1 to /home/sauce/.config/discord/0.0.61/modules/pending/discord_erlpack-1.zip: 58%
2024-07-24T17:16:49.454Z [Modules] Streaming discord_erlpack@1 to /home/sauce/.config/discord/0.0.61/modules/pending/discord_erlpack-1.zip: 59%
2024-07-24T17:16:49.458Z [Modules] Streaming discord_erlpack@1 to /home/sauce/.config/discord/0.0.61/modules/pending/discord_erlpack-1.zip: 62%
2024-07-24T17:16:49.458Z [Modules] Streaming discord_erlpack@1 to /home/sauce/.config/discord/0.0.61/modules/pending/discord_erlpack-1.zip: 63%
2024-07-24T17:16:49.465Z [Modules] Streaming discord_erlpack@1 to /home/sauce/.config/discord/0.0.61/modules/pending/discord_erlpack-1.zip: 64%
2024-07-24T17:16:49.470Z [Modules] Streaming discord_erlpack@1 to /home/sauce/.config/discord/0.0.61/modules/pending/discord_erlpack-1.zip: 67%
2024-07-24T17:16:49.471Z [Modules] Streaming discord_erlpack@1 to /home/sauce/.config/discord/0.0.61/modules/pending/discord_erlpack-1.zip: 68%
2024-07-24T17:16:49.474Z [Modules] Streaming discord_erlpack@1 to /home/sauce/.config/discord/0.0.61/modules/pending/discord_erlpack-1.zip: 71%
2024-07-24T17:16:49.478Z [Modules] Streaming discord_erlpack@1 to /home/sauce/.config/discord/0.0.61/modules/pending/discord_erlpack-1.zip: 75%
2024-07-24T17:16:49.487Z [Modules] Streaming discord_erlpack@1 to /home/sauce/.config/discord/0.0.61/modules/pending/discord_erlpack-1.zip: 78%
2024-07-24T17:16:49.487Z [Modules] Streaming discord_erlpack@1 to /home/sauce/.config/discord/0.0.61/modules/pending/discord_erlpack-1.zip: 79%
2024-07-24T17:16:49.492Z [Modules] Streaming discord_erlpack@1 to /home/sauce/.config/discord/0.0.61/modules/pending/discord_erlpack-1.zip: 80%
2024-07-24T17:16:49.492Z [Modules] Streaming discord_erlpack@1 to /home/sauce/.config/discord/0.0.61/modules/pending/discord_erlpack-1.zip: 83%
2024-07-24T17:16:49.493Z [Modules] Streaming discord_erlpack@1 to /home/sauce/.config/discord/0.0.61/modules/pending/discord_erlpack-1.zip: 84%
2024-07-24T17:16:49.497Z [Modules] Streaming discord_erlpack@1 to /home/sauce/.config/discord/0.0.61/modules/pending/discord_erlpack-1.zip: 87%
2024-07-24T17:16:49.498Z [Modules] Streaming discord_erlpack@1 to /home/sauce/.config/discord/0.0.61/modules/pending/discord_erlpack-1.zip: 88%
2024-07-24T17:16:49.513Z [Modules] Streaming discord_erlpack@1 to /home/sauce/.config/discord/0.0.61/modules/pending/discord_erlpack-1.zip: 90%
2024-07-24T17:16:49.514Z [Modules] Streaming discord_erlpack@1 to /home/sauce/.config/discord/0.0.61/modules/pending/discord_erlpack-1.zip: 93%
2024-07-24T17:16:49.515Z [Modules] Streaming discord_erlpack@1 to /home/sauce/.config/discord/0.0.61/modules/pending/discord_erlpack-1.zip: 94%
2024-07-24T17:16:49.519Z [Modules] Streaming discord_erlpack@1 to /home/sauce/.config/discord/0.0.61/modules/pending/discord_erlpack-1.zip: 97%
2024-07-24T17:16:49.520Z [Modules] Streaming discord_erlpack@1 to /home/sauce/.config/discord/0.0.61/modules/pending/discord_erlpack-1.zip: 98%
2024-07-24T17:16:49.522Z [Modules] Streaming discord_erlpack@1 to /home/sauce/.config/discord/0.0.61/modules/pending/discord_erlpack-1.zip: 100%
2024-07-24T17:16:49.522Z [Modules] Fetching discord_spellcheck@1 from https://discord.com/api/modules/stable/discord_spellcheck/1
2024-07-24T17:16:49.523Z [Modules] Streaming discord_spellcheck@1 to /home/sauce/.config/discord/0.0.61/modules/pending/discord_spellcheck-1.zip
2024-07-24T17:16:49.672Z [Modules] Streaming discord_spellcheck@1 to /home/sauce/.config/discord/0.0.61/modules/pending/discord_spellcheck-1.zip: 1%
2024-07-24T17:16:49.675Z [Modules] Streaming discord_spellcheck@1 to /home/sauce/.config/discord/0.0.61/modules/pending/discord_spellcheck-1.zip: 2%
2024-07-24T17:16:49.681Z [Modules] Streaming discord_spellcheck@1 to /home/sauce/.config/discord/0.0.61/modules/pending/discord_spellcheck-1.zip: 3%
2024-07-24T17:16:49.688Z [Modules] Streaming discord_spellcheck@1 to /home/sauce/.config/discord/0.0.61/modules/pending/discord_spellcheck-1.zip: 4%
2024-07-24T17:16:49.691Z [Modules] Streaming discord_spellcheck@1 to /home/sauce/.config/discord/0.0.61/modules/pending/discord_spellcheck-1.zip: 5%
2024-07-24T17:16:49.695Z [Modules] Streaming discord_spellcheck@1 to /home/sauce/.config/discord/0.0.61/modules/pending/discord_spellcheck-1.zip: 6%
2024-07-24T17:16:49.706Z [Modules] Streaming discord_spellcheck@1 to /home/sauce/.config/discord/0.0.61/modules/pending/discord_spellcheck-1.zip: 7%
2024-07-24T17:16:49.709Z [Modules] Streaming discord_spellcheck@1 to /home/sauce/.config/discord/0.0.61/modules/pending/discord_spellcheck-1.zip: 8%
2024-07-24T17:16:49.713Z [Modules] Streaming discord_spellcheck@1 to /home/sauce/.config/discord/0.0.61/modules/pending/discord_spellcheck-1.zip: 9%
2024-07-24T17:16:49.717Z [Modules] Streaming discord_spellcheck@1 to /home/sauce/.config/discord/0.0.61/modules/pending/discord_spellcheck-1.zip: 10%
2024-07-24T17:16:49.723Z [Modules] Streaming discord_spellcheck@1 to /home/sauce/.config/discord/0.0.61/modules/pending/discord_spellcheck-1.zip: 11%
2024-07-24T17:16:49.737Z [Modules] Streaming discord_spellcheck@1 to /home/sauce/.config/discord/0.0.61/modules/pending/discord_spellcheck-1.zip: 12%
2024-07-24T17:16:49.741Z [Modules] Streaming discord_spellcheck@1 to /home/sauce/.config/discord/0.0.61/modules/pending/discord_spellcheck-1.zip: 13%
2024-07-24T17:16:49.745Z [Modules] Streaming discord_spellcheck@1 to /home/sauce/.config/discord/0.0.61/modules/pending/discord_spellcheck-1.zip: 14%
2024-07-24T17:16:49.750Z [Modules] Streaming discord_spellcheck@1 to /home/sauce/.config/discord/0.0.61/modules/pending/discord_spellcheck-1.zip: 15%
2024-07-24T17:16:49.760Z [Modules] Streaming discord_spellcheck@1 to /home/sauce/.config/discord/0.0.61/modules/pending/discord_spellcheck-1.zip: 16%
2024-07-24T17:16:49.768Z [Modules] Streaming discord_spellcheck@1 to /home/sauce/.config/discord/0.0.61/modules/pending/discord_spellcheck-1.zip: 17%
2024-07-24T17:16:49.778Z [Modules] Streaming discord_spellcheck@1 to /home/sauce/.config/discord/0.0.61/modules/pending/discord_spellcheck-1.zip: 18%
2024-07-24T17:16:49.781Z [Modules] Streaming discord_spellcheck@1 to /home/sauce/.config/discord/0.0.61/modules/pending/discord_spellcheck-1.zip: 19%
2024-07-24T17:16:49.839Z [Modules] Streaming discord_spellcheck@1 to /home/sauce/.config/discord/0.0.61/modules/pending/discord_spellcheck-1.zip: 20%
2024-07-24T17:16:49.843Z [Modules] Streaming discord_spellcheck@1 to /home/sauce/.config/discord/0.0.61/modules/pending/discord_spellcheck-1.zip: 21%
2024-07-24T17:16:49.848Z [Modules] Streaming discord_spellcheck@1 to /home/sauce/.config/discord/0.0.61/modules/pending/discord_spellcheck-1.zip: 22%
2024-07-24T17:16:49.853Z [Modules] Streaming discord_spellcheck@1 to /home/sauce/.config/discord/0.0.61/modules/pending/discord_spellcheck-1.zip: 23%
2024-07-24T17:16:50.010Z [Modules] Streaming discord_spellcheck@1 to /home/sauce/.config/discord/0.0.61/modules/pending/discord_spellcheck-1.zip: 24%
2024-07-24T17:16:50.031Z [Modules] Streaming discord_spellcheck@1 to /home/sauce/.config/discord/0.0.61/modules/pending/discord_spellcheck-1.zip: 26%
2024-07-24T17:16:50.046Z [Modules] Streaming discord_spellcheck@1 to /home/sauce/.config/discord/0.0.61/modules/pending/discord_spellcheck-1.zip: 27%
2024-07-24T17:16:50.056Z [Modules] Streaming discord_spellcheck@1 to /home/sauce/.config/discord/0.0.61/modules/pending/discord_spellcheck-1.zip: 28%
2024-07-24T17:16:50.060Z [Modules] Streaming discord_spellcheck@1 to /home/sauce/.config/discord/0.0.61/modules/pending/discord_spellcheck-1.zip: 29%
2024-07-24T17:16:50.062Z [Modules] Streaming discord_spellcheck@1 to /home/sauce/.config/discord/0.0.61/modules/pending/discord_spellcheck-1.zip: 31%
2024-07-24T17:16:50.065Z [Modules] Streaming discord_spellcheck@1 to /home/sauce/.config/discord/0.0.61/modules/pending/discord_spellcheck-1.zip: 32%
2024-07-24T17:16:50.070Z [Modules] Streaming discord_spellcheck@1 to /home/sauce/.config/discord/0.0.61/modules/pending/discord_spellcheck-1.zip: 33%
2024-07-24T17:16:50.073Z [Modules] Streaming discord_spellcheck@1 to /home/sauce/.config/discord/0.0.61/modules/pending/discord_spellcheck-1.zip: 34%
2024-07-24T17:16:50.074Z [Modules] Streaming discord_spellcheck@1 to /home/sauce/.config/discord/0.0.61/modules/pending/discord_spellcheck-1.zip: 35%
2024-07-24T17:16:50.074Z [Modules] Streaming discord_spellcheck@1 to /home/sauce/.config/discord/0.0.61/modules/pending/discord_spellcheck-1.zip: 36%
2024-07-24T17:16:50.078Z [Modules] Streaming discord_spellcheck@1 to /home/sauce/.config/discord/0.0.61/modules/pending/discord_spellcheck-1.zip: 37%
2024-07-24T17:16:50.079Z [Modules] Streaming discord_spellcheck@1 to /home/sauce/.config/discord/0.0.61/modules/pending/discord_spellcheck-1.zip: 38%
2024-07-24T17:16:50.080Z [Modules] Streaming discord_spellcheck@1 to /home/sauce/.config/discord/0.0.61/modules/pending/discord_spellcheck-1.zip: 39%
2024-07-24T17:16:50.080Z [Modules] Streaming discord_spellcheck@1 to /home/sauce/.config/discord/0.0.61/modules/pending/discord_spellcheck-1.zip: 40%
2024-07-24T17:16:50.096Z [Modules] Streaming discord_spellcheck@1 to /home/sauce/.config/discord/0.0.61/modules/pending/discord_spellcheck-1.zip: 41%
2024-07-24T17:16:50.104Z [Modules] Streaming discord_spellcheck@1 to /home/sauce/.config/discord/0.0.61/modules/pending/discord_spellcheck-1.zip: 42%
2024-07-24T17:16:50.106Z [Modules] Streaming discord_spellcheck@1 to /home/sauce/.config/discord/0.0.61/modules/pending/discord_spellcheck-1.zip: 43%
2024-07-24T17:16:50.106Z [Modules] Streaming discord_spellcheck@1 to /home/sauce/.config/discord/0.0.61/modules/pending/discord_spellcheck-1.zip: 45%
2024-07-24T17:16:50.107Z [Modules] Streaming discord_spellcheck@1 to /home/sauce/.config/discord/0.0.61/modules/pending/discord_spellcheck-1.zip: 47%
2024-07-24T17:16:50.107Z [Modules] Streaming discord_spellcheck@1 to /home/sauce/.config/discord/0.0.61/modules/pending/discord_spellcheck-1.zip: 49%
2024-07-24T17:16:50.108Z [Modules] Streaming discord_spellcheck@1 to /home/sauce/.config/discord/0.0.61/modules/pending/discord_spellcheck-1.zip: 51%
2024-07-24T17:16:50.108Z [Modules] Streaming discord_spellcheck@1 to /home/sauce/.config/discord/0.0.61/modules/pending/discord_spellcheck-1.zip: 53%
2024-07-24T17:16:50.108Z [Modules] Streaming discord_spellcheck@1 to /home/sauce/.config/discord/0.0.61/modules/pending/discord_spellcheck-1.zip: 54%
2024-07-24T17:16:50.109Z [Modules] Streaming discord_spellcheck@1 to /home/sauce/.config/discord/0.0.61/modules/pending/discord_spellcheck-1.zip: 55%
2024-07-24T17:16:50.118Z [Modules] Streaming discord_spellcheck@1 to /home/sauce/.config/discord/0.0.61/modules/pending/discord_spellcheck-1.zip: 56%
2024-07-24T17:16:50.160Z [Modules] Streaming discord_spellcheck@1 to /home/sauce/.config/discord/0.0.61/modules/pending/discord_spellcheck-1.zip: 57%
2024-07-24T17:16:50.169Z [Modules] Streaming discord_spellcheck@1 to /home/sauce/.config/discord/0.0.61/modules/pending/discord_spellcheck-1.zip: 58%
2024-07-24T17:16:50.175Z [Modules] Streaming discord_spellcheck@1 to /home/sauce/.config/discord/0.0.61/modules/pending/discord_spellcheck-1.zip: 59%
2024-07-24T17:16:50.189Z [Modules] Streaming discord_spellcheck@1 to /home/sauce/.config/discord/0.0.61/modules/pending/discord_spellcheck-1.zip: 60%
2024-07-24T17:16:50.196Z [Modules] Streaming discord_spellcheck@1 to /home/sauce/.config/discord/0.0.61/modules/pending/discord_spellcheck-1.zip: 61%
2024-07-24T17:16:50.199Z [Modules] Streaming discord_spellcheck@1 to /home/sauce/.config/discord/0.0.61/modules/pending/discord_spellcheck-1.zip: 62%
2024-07-24T17:16:50.209Z [Modules] Streaming discord_spellcheck@1 to /home/sauce/.config/discord/0.0.61/modules/pending/discord_spellcheck-1.zip: 63%
2024-07-24T17:16:50.215Z [Modules] Streaming discord_spellcheck@1 to /home/sauce/.config/discord/0.0.61/modules/pending/discord_spellcheck-1.zip: 64%
2024-07-24T17:16:50.221Z [Modules] Streaming discord_spellcheck@1 to /home/sauce/.config/discord/0.0.61/modules/pending/discord_spellcheck-1.zip: 65%
2024-07-24T17:16:50.229Z [Modules] Streaming discord_spellcheck@1 to /home/sauce/.config/discord/0.0.61/modules/pending/discord_spellcheck-1.zip: 66%
2024-07-24T17:16:50.233Z [Modules] Streaming discord_spellcheck@1 to /home/sauce/.config/discord/0.0.61/modules/pending/discord_spellcheck-1.zip: 67%
2024-07-24T17:16:50.237Z [Modules] Streaming discord_spellcheck@1 to /home/sauce/.config/discord/0.0.61/modules/pending/discord_spellcheck-1.zip: 68%
2024-07-24T17:16:50.248Z [Modules] Streaming discord_spellcheck@1 to /home/sauce/.config/discord/0.0.61/modules/pending/discord_spellcheck-1.zip: 69%
2024-07-24T17:16:50.252Z [Modules] Streaming discord_spellcheck@1 to /home/sauce/.config/discord/0.0.61/modules/pending/discord_spellcheck-1.zip: 70%
2024-07-24T17:16:50.256Z [Modules] Streaming discord_spellcheck@1 to /home/sauce/.config/discord/0.0.61/modules/pending/discord_spellcheck-1.zip: 71%
2024-07-24T17:16:50.260Z [Modules] Streaming discord_spellcheck@1 to /home/sauce/.config/discord/0.0.61/modules/pending/discord_spellcheck-1.zip: 72%
2024-07-24T17:16:50.274Z [Modules] Streaming discord_spellcheck@1 to /home/sauce/.config/discord/0.0.61/modules/pending/discord_spellcheck-1.zip: 73%
2024-07-24T17:16:50.277Z [Modules] Streaming discord_spellcheck@1 to /home/sauce/.config/discord/0.0.61/modules/pending/discord_spellcheck-1.zip: 74%
2024-07-24T17:16:50.290Z [Modules] Streaming discord_spellcheck@1 to /home/sauce/.config/discord/0.0.61/modules/pending/discord_spellcheck-1.zip: 75%
2024-07-24T17:16:50.341Z [Modules] Streaming discord_spellcheck@1 to /home/sauce/.config/discord/0.0.61/modules/pending/discord_spellcheck-1.zip: 76%
2024-07-24T17:16:50.348Z [Modules] Streaming discord_spellcheck@1 to /home/sauce/.config/discord/0.0.61/modules/pending/discord_spellcheck-1.zip: 77%
2024-07-24T17:16:50.353Z [Modules] Streaming discord_spellcheck@1 to /home/sauce/.config/discord/0.0.61/modules/pending/discord_spellcheck-1.zip: 78%
2024-07-24T17:16:50.361Z [Modules] Streaming discord_spellcheck@1 to /home/sauce/.config/discord/0.0.61/modules/pending/discord_spellcheck-1.zip: 79%
2024-07-24T17:16:50.374Z [Modules] Streaming discord_spellcheck@1 to /home/sauce/.config/discord/0.0.61/modules/pending/discord_spellcheck-1.zip: 80%
2024-07-24T17:16:50.382Z [Modules] Streaming discord_spellcheck@1 to /home/sauce/.config/discord/0.0.61/modules/pending/discord_spellcheck-1.zip: 81%
2024-07-24T17:16:50.391Z [Modules] Streaming discord_spellcheck@1 to /home/sauce/.config/discord/0.0.61/modules/pending/discord_spellcheck-1.zip: 82%
2024-07-24T17:16:50.401Z [Modules] Streaming discord_spellcheck@1 to /home/sauce/.config/discord/0.0.61/modules/pending/discord_spellcheck-1.zip: 83%
2024-07-24T17:16:50.406Z [Modules] Streaming discord_spellcheck@1 to /home/sauce/.config/discord/0.0.61/modules/pending/discord_spellcheck-1.zip: 84%
2024-07-24T17:16:50.411Z [Modules] Streaming discord_spellcheck@1 to /home/sauce/.config/discord/0.0.61/modules/pending/discord_spellcheck-1.zip: 85%
2024-07-24T17:16:50.415Z [Modules] Streaming discord_spellcheck@1 to /home/sauce/.config/discord/0.0.61/modules/pending/discord_spellcheck-1.zip: 86%
2024-07-24T17:16:50.423Z [Modules] Streaming discord_spellcheck@1 to /home/sauce/.config/discord/0.0.61/modules/pending/discord_spellcheck-1.zip: 87%
2024-07-24T17:16:50.434Z [Modules] Streaming discord_spellcheck@1 to /home/sauce/.config/discord/0.0.61/modules/pending/discord_spellcheck-1.zip: 88%
2024-07-24T17:16:50.537Z [Modules] Streaming discord_spellcheck@1 to /home/sauce/.config/discord/0.0.61/modules/pending/discord_spellcheck-1.zip: 89%
2024-07-24T17:16:50.559Z [Modules] Streaming discord_spellcheck@1 to /home/sauce/.config/discord/0.0.61/modules/pending/discord_spellcheck-1.zip: 90%
2024-07-24T17:16:50.567Z [Modules] Streaming discord_spellcheck@1 to /home/sauce/.config/discord/0.0.61/modules/pending/discord_spellcheck-1.zip: 91%
2024-07-24T17:16:50.596Z [Modules] Streaming discord_spellcheck@1 to /home/sauce/.config/discord/0.0.61/modules/pending/discord_spellcheck-1.zip: 92%
2024-07-24T17:16:50.609Z [Modules] Streaming discord_spellcheck@1 to /home/sauce/.config/discord/0.0.61/modules/pending/discord_spellcheck-1.zip: 93%
2024-07-24T17:16:50.621Z [Modules] Streaming discord_spellcheck@1 to /home/sauce/.config/discord/0.0.61/modules/pending/discord_spellcheck-1.zip: 94%
2024-07-24T17:16:50.645Z [Modules] Streaming discord_spellcheck@1 to /home/sauce/.config/discord/0.0.61/modules/pending/discord_spellcheck-1.zip: 95%
2024-07-24T17:16:50.651Z [Modules] Streaming discord_spellcheck@1 to /home/sauce/.config/discord/0.0.61/modules/pending/discord_spellcheck-1.zip: 96%
2024-07-24T17:16:50.689Z [Modules] Streaming discord_spellcheck@1 to /home/sauce/.config/discord/0.0.61/modules/pending/discord_spellcheck-1.zip: 97%
2024-07-24T17:16:50.693Z [Modules] Streaming discord_spellcheck@1 to /home/sauce/.config/discord/0.0.61/modules/pending/discord_spellcheck-1.zip: 98%
2024-07-24T17:16:50.701Z [Modules] Streaming discord_spellcheck@1 to /home/sauce/.config/discord/0.0.61/modules/pending/discord_spellcheck-1.zip: 99%
2024-07-24T17:16:50.705Z [Modules] Streaming discord_spellcheck@1 to /home/sauce/.config/discord/0.0.61/modules/pending/discord_spellcheck-1.zip: 100%
2024-07-24T17:16:50.706Z [Modules] Fetching discord_utils@1 from https://discord.com/api/modules/stable/discord_utils/1
2024-07-24T17:16:50.707Z [Modules] Streaming discord_utils@1 to /home/sauce/.config/discord/0.0.61/modules/pending/discord_utils-1.zip
2024-07-24T17:16:50.835Z [Modules] Streaming discord_utils@1 to /home/sauce/.config/discord/0.0.61/modules/pending/discord_utils-1.zip: 2%
2024-07-24T17:16:50.848Z [Modules] Streaming discord_utils@1 to /home/sauce/.config/discord/0.0.61/modules/pending/discord_utils-1.zip: 5%
2024-07-24T17:16:50.849Z [Modules] Streaming discord_utils@1 to /home/sauce/.config/discord/0.0.61/modules/pending/discord_utils-1.zip: 6%
2024-07-24T17:16:50.861Z [Modules] Streaming discord_utils@1 to /home/sauce/.config/discord/0.0.61/modules/pending/discord_utils-1.zip: 8%
2024-07-24T17:16:50.862Z [Modules] Streaming discord_utils@1 to /home/sauce/.config/discord/0.0.61/modules/pending/discord_utils-1.zip: 9%
2024-07-24T17:16:50.867Z [Modules] Streaming discord_utils@1 to /home/sauce/.config/discord/0.0.61/modules/pending/discord_utils-1.zip: 11%
2024-07-24T17:16:50.868Z [Modules] Streaming discord_utils@1 to /home/sauce/.config/discord/0.0.61/modules/pending/discord_utils-1.zip: 12%
2024-07-24T17:16:50.873Z [Modules] Streaming discord_utils@1 to /home/sauce/.config/discord/0.0.61/modules/pending/discord_utils-1.zip: 14%
2024-07-24T17:16:50.875Z [Modules] Streaming discord_utils@1 to /home/sauce/.config/discord/0.0.61/modules/pending/discord_utils-1.zip: 15%
2024-07-24T17:16:50.884Z [Modules] Streaming discord_utils@1 to /home/sauce/.config/discord/0.0.61/modules/pending/discord_utils-1.zip: 16%
2024-07-24T17:16:50.884Z [Modules] Streaming discord_utils@1 to /home/sauce/.config/discord/0.0.61/modules/pending/discord_utils-1.zip: 17%
2024-07-24T17:16:50.891Z [Modules] Streaming discord_utils@1 to /home/sauce/.config/discord/0.0.61/modules/pending/discord_utils-1.zip: 19%
2024-07-24T17:16:50.892Z [Modules] Streaming discord_utils@1 to /home/sauce/.config/discord/0.0.61/modules/pending/discord_utils-1.zip: 20%
2024-07-24T17:16:50.909Z [Modules] Streaming discord_utils@1 to /home/sauce/.config/discord/0.0.61/modules/pending/discord_utils-1.zip: 21%
2024-07-24T17:16:50.912Z [Modules] Streaming discord_utils@1 to /home/sauce/.config/discord/0.0.61/modules/pending/discord_utils-1.zip: 23%
2024-07-24T17:16:50.914Z [Modules] Streaming discord_utils@1 to /home/sauce/.config/discord/0.0.61/modules/pending/discord_utils-1.zip: 25%
2024-07-24T17:16:50.915Z [Modules] Streaming discord_utils@1 to /home/sauce/.config/discord/0.0.61/modules/pending/discord_utils-1.zip: 26%
2024-07-24T17:16:50.918Z [Modules] Streaming discord_utils@1 to /home/sauce/.config/discord/0.0.61/modules/pending/discord_utils-1.zip: 28%
2024-07-24T17:16:50.927Z [Modules] Streaming discord_utils@1 to /home/sauce/.config/discord/0.0.61/modules/pending/discord_utils-1.zip: 29%
2024-07-24T17:16:50.935Z [Modules] Streaming discord_utils@1 to /home/sauce/.config/discord/0.0.61/modules/pending/discord_utils-1.zip: 31%
2024-07-24T17:16:50.937Z [Modules] Streaming discord_utils@1 to /home/sauce/.config/discord/0.0.61/modules/pending/discord_utils-1.zip: 32%
2024-07-24T17:16:50.946Z [Modules] Streaming discord_utils@1 to /home/sauce/.config/discord/0.0.61/modules/pending/discord_utils-1.zip: 34%
2024-07-24T17:16:50.947Z [Modules] Streaming discord_utils@1 to /home/sauce/.config/discord/0.0.61/modules/pending/discord_utils-1.zip: 35%
2024-07-24T17:16:50.953Z [Modules] Streaming discord_utils@1 to /home/sauce/.config/discord/0.0.61/modules/pending/discord_utils-1.zip: 37%
2024-07-24T17:16:50.954Z [Modules] Streaming discord_utils@1 to /home/sauce/.config/discord/0.0.61/modules/pending/discord_utils-1.zip: 38%
2024-07-24T17:16:50.965Z [Modules] Streaming discord_utils@1 to /home/sauce/.config/discord/0.0.61/modules/pending/discord_utils-1.zip: 40%
2024-07-24T17:16:50.966Z [Modules] Streaming discord_utils@1 to /home/sauce/.config/discord/0.0.61/modules/pending/discord_utils-1.zip: 41%
2024-07-24T17:16:50.970Z [Modules] Streaming discord_utils@1 to /home/sauce/.config/discord/0.0.61/modules/pending/discord_utils-1.zip: 43%
2024-07-24T17:16:50.974Z [Modules] Streaming discord_utils@1 to /home/sauce/.config/discord/0.0.61/modules/pending/discord_utils-1.zip: 45%
2024-07-24T17:16:50.974Z [Modules] Streaming discord_utils@1 to /home/sauce/.config/discord/0.0.61/modules/pending/discord_utils-1.zip: 46%
2024-07-24T17:16:50.978Z [Modules] Streaming discord_utils@1 to /home/sauce/.config/discord/0.0.61/modules/pending/discord_utils-1.zip: 48%
2024-07-24T17:16:50.984Z [Modules] Streaming discord_utils@1 to /home/sauce/.config/discord/0.0.61/modules/pending/discord_utils-1.zip: 50%
2024-07-24T17:16:50.996Z [Modules] Streaming discord_utils@1 to /home/sauce/.config/discord/0.0.61/modules/pending/discord_utils-1.zip: 51%
2024-07-24T17:16:51.009Z [Modules] Streaming discord_utils@1 to /home/sauce/.config/discord/0.0.61/modules/pending/discord_utils-1.zip: 53%
2024-07-24T17:16:51.020Z [Modules] Streaming discord_utils@1 to /home/sauce/.config/discord/0.0.61/modules/pending/discord_utils-1.zip: 55%
2024-07-24T17:16:51.021Z [Modules] Streaming discord_utils@1 to /home/sauce/.config/discord/0.0.61/modules/pending/discord_utils-1.zip: 56%
2024-07-24T17:16:51.029Z [Modules] Streaming discord_utils@1 to /home/sauce/.config/discord/0.0.61/modules/pending/discord_utils-1.zip: 58%
2024-07-24T17:16:51.030Z [Modules] Streaming discord_utils@1 to /home/sauce/.config/discord/0.0.61/modules/pending/discord_utils-1.zip: 59%
2024-07-24T17:16:51.035Z [Modules] Streaming discord_utils@1 to /home/sauce/.config/discord/0.0.61/modules/pending/discord_utils-1.zip: 61%
2024-07-24T17:16:51.036Z [Modules] Streaming discord_utils@1 to /home/sauce/.config/discord/0.0.61/modules/pending/discord_utils-1.zip: 62%
2024-07-24T17:16:51.046Z [Modules] Streaming discord_utils@1 to /home/sauce/.config/discord/0.0.61/modules/pending/discord_utils-1.zip: 63%
2024-07-24T17:16:51.046Z [Modules] Streaming discord_utils@1 to /home/sauce/.config/discord/0.0.61/modules/pending/discord_utils-1.zip: 64%
2024-07-24T17:16:51.051Z [Modules] Streaming discord_utils@1 to /home/sauce/.config/discord/0.0.61/modules/pending/discord_utils-1.zip: 66%
2024-07-24T17:16:51.051Z [Modules] Streaming discord_utils@1 to /home/sauce/.config/discord/0.0.61/modules/pending/discord_utils-1.zip: 67%
2024-07-24T17:16:51.056Z [Modules] Streaming discord_utils@1 to /home/sauce/.config/discord/0.0.61/modules/pending/discord_utils-1.zip: 68%
2024-07-24T17:16:51.063Z [Modules] Streaming discord_utils@1 to /home/sauce/.config/discord/0.0.61/modules/pending/discord_utils-1.zip: 70%
2024-07-24T17:16:51.070Z [Modules] Streaming discord_utils@1 to /home/sauce/.config/discord/0.0.61/modules/pending/discord_utils-1.zip: 72%
2024-07-24T17:16:51.077Z [Modules] Streaming discord_utils@1 to /home/sauce/.config/discord/0.0.61/modules/pending/discord_utils-1.zip: 74%
2024-07-24T17:16:51.078Z [Modules] Streaming discord_utils@1 to /home/sauce/.config/discord/0.0.61/modules/pending/discord_utils-1.zip: 75%
2024-07-24T17:16:51.085Z [Modules] Streaming discord_utils@1 to /home/sauce/.config/discord/0.0.61/modules/pending/discord_utils-1.zip: 77%
2024-07-24T17:16:51.114Z [Modules] Streaming discord_utils@1 to /home/sauce/.config/discord/0.0.61/modules/pending/discord_utils-1.zip: 79%
2024-07-24T17:16:51.115Z [Modules] Streaming discord_utils@1 to /home/sauce/.config/discord/0.0.61/modules/pending/discord_utils-1.zip: 80%
2024-07-24T17:16:51.117Z [Modules] Streaming discord_utils@1 to /home/sauce/.config/discord/0.0.61/modules/pending/discord_utils-1.zip: 82%
2024-07-24T17:16:51.122Z [Modules] Streaming discord_utils@1 to /home/sauce/.config/discord/0.0.61/modules/pending/discord_utils-1.zip: 83%
2024-07-24T17:16:51.124Z [Modules] Streaming discord_utils@1 to /home/sauce/.config/discord/0.0.61/modules/pending/discord_utils-1.zip: 85%
2024-07-24T17:16:51.125Z [Modules] Streaming discord_utils@1 to /home/sauce/.config/discord/0.0.61/modules/pending/discord_utils-1.zip: 86%
2024-07-24T17:16:51.129Z [Modules] Streaming discord_utils@1 to /home/sauce/.config/discord/0.0.61/modules/pending/discord_utils-1.zip: 88%
2024-07-24T17:16:51.129Z [Modules] Streaming discord_utils@1 to /home/sauce/.config/discord/0.0.61/modules/pending/discord_utils-1.zip: 89%
2024-07-24T17:16:51.146Z [Modules] Streaming discord_utils@1 to /home/sauce/.config/discord/0.0.61/modules/pending/discord_utils-1.zip: 91%
2024-07-24T17:16:51.148Z [Modules] Streaming discord_utils@1 to /home/sauce/.config/discord/0.0.61/modules/pending/discord_utils-1.zip: 93%
2024-07-24T17:16:51.153Z [Modules] Streaming discord_utils@1 to /home/sauce/.config/discord/0.0.61/modules/pending/discord_utils-1.zip: 95%
2024-07-24T17:16:51.157Z [Modules] Streaming discord_utils@1 to /home/sauce/.config/discord/0.0.61/modules/pending/discord_utils-1.zip: 97%
2024-07-24T17:16:51.158Z [Modules] Streaming discord_utils@1 to /home/sauce/.config/discord/0.0.61/modules/pending/discord_utils-1.zip: 98%
2024-07-24T17:16:51.162Z [Modules] Streaming discord_utils@1 to /home/sauce/.config/discord/0.0.61/modules/pending/discord_utils-1.zip: 100%
2024-07-24T17:16:51.164Z [Modules] Fetching discord_voice@1 from https://discord.com/api/modules/stable/discord_voice/1
2024-07-24T17:16:51.164Z [Modules] Streaming discord_voice@1 to /home/sauce/.config/discord/0.0.61/modules/pending/discord_voice-1.zip
2024-07-24T17:16:51.351Z [Modules] Streaming discord_voice@1 to /home/sauce/.config/discord/0.0.61/modules/pending/discord_voice-1.zip: 1%
2024-07-24T17:16:51.369Z [Modules] Streaming discord_voice@1 to /home/sauce/.config/discord/0.0.61/modules/pending/discord_voice-1.zip: 2%
2024-07-24T17:16:51.386Z [Modules] Streaming discord_voice@1 to /home/sauce/.config/discord/0.0.61/modules/pending/discord_voice-1.zip: 3%
2024-07-24T17:16:51.401Z [Modules] Streaming discord_voice@1 to /home/sauce/.config/discord/0.0.61/modules/pending/discord_voice-1.zip: 4%
2024-07-24T17:16:51.426Z [Modules] Streaming discord_voice@1 to /home/sauce/.config/discord/0.0.61/modules/pending/discord_voice-1.zip: 5%
2024-07-24T17:16:51.439Z [Modules] Streaming discord_voice@1 to /home/sauce/.config/discord/0.0.61/modules/pending/discord_voice-1.zip: 6%
2024-07-24T17:16:51.453Z [Modules] Streaming discord_voice@1 to /home/sauce/.config/discord/0.0.61/modules/pending/discord_voice-1.zip: 7%
2024-07-24T17:16:51.471Z [Modules] Streaming discord_voice@1 to /home/sauce/.config/discord/0.0.61/modules/pending/discord_voice-1.zip: 8%
2024-07-24T17:16:51.480Z [Modules] Streaming discord_voice@1 to /home/sauce/.config/discord/0.0.61/modules/pending/discord_voice-1.zip: 9%
2024-07-24T17:16:51.493Z [Modules] Streaming discord_voice@1 to /home/sauce/.config/discord/0.0.61/modules/pending/discord_voice-1.zip: 10%
2024-07-24T17:16:51.510Z [Modules] Streaming discord_voice@1 to /home/sauce/.config/discord/0.0.61/modules/pending/discord_voice-1.zip: 11%
2024-07-24T17:16:51.537Z [Modules] Streaming discord_voice@1 to /home/sauce/.config/discord/0.0.61/modules/pending/discord_voice-1.zip: 12%
2024-07-24T17:16:51.555Z [Modules] Streaming discord_voice@1 to /home/sauce/.config/discord/0.0.61/modules/pending/discord_voice-1.zip: 13%
2024-07-24T17:16:51.576Z [Modules] Streaming discord_voice@1 to /home/sauce/.config/discord/0.0.61/modules/pending/discord_voice-1.zip: 14%
2024-07-24T17:16:51.585Z [Modules] Streaming discord_voice@1 to /home/sauce/.config/discord/0.0.61/modules/pending/discord_voice-1.zip: 15%
2024-07-24T17:16:51.602Z [Modules] Streaming discord_voice@1 to /home/sauce/.config/discord/0.0.61/modules/pending/discord_voice-1.zip: 16%
2024-07-24T17:16:51.625Z [Modules] Streaming discord_voice@1 to /home/sauce/.config/discord/0.0.61/modules/pending/discord_voice-1.zip: 17%
2024-07-24T17:16:51.642Z [Modules] Streaming discord_voice@1 to /home/sauce/.config/discord/0.0.61/modules/pending/discord_voice-1.zip: 18%
2024-07-24T17:16:51.656Z [Modules] Streaming discord_voice@1 to /home/sauce/.config/discord/0.0.61/modules/pending/discord_voice-1.zip: 19%
2024-07-24T17:16:51.671Z [Modules] Streaming discord_voice@1 to /home/sauce/.config/discord/0.0.61/modules/pending/discord_voice-1.zip: 20%
2024-07-24T17:16:51.686Z [Modules] Streaming discord_voice@1 to /home/sauce/.config/discord/0.0.61/modules/pending/discord_voice-1.zip: 21%
2024-07-24T17:16:51.719Z [Modules] Streaming discord_voice@1 to /home/sauce/.config/discord/0.0.61/modules/pending/discord_voice-1.zip: 22%
2024-07-24T17:16:51.733Z [Modules] Streaming discord_voice@1 to /home/sauce/.config/discord/0.0.61/modules/pending/discord_voice-1.zip: 23%
2024-07-24T17:16:51.751Z [Modules] Streaming discord_voice@1 to /home/sauce/.config/discord/0.0.61/modules/pending/discord_voice-1.zip: 24%
2024-07-24T17:16:51.771Z [Modules] Streaming discord_voice@1 to /home/sauce/.config/discord/0.0.61/modules/pending/discord_voice-1.zip: 25%
2024-07-24T17:16:51.785Z [Modules] Streaming discord_voice@1 to /home/sauce/.config/discord/0.0.61/modules/pending/discord_voice-1.zip: 26%
2024-07-24T17:16:51.801Z [Modules] Streaming discord_voice@1 to /home/sauce/.config/discord/0.0.61/modules/pending/discord_voice-1.zip: 27%
2024-07-24T17:16:51.833Z [Modules] Streaming discord_voice@1 to /home/sauce/.config/discord/0.0.61/modules/pending/discord_voice-1.zip: 28%
2024-07-24T17:16:51.851Z [Modules] Streaming discord_voice@1 to /home/sauce/.config/discord/0.0.61/modules/pending/discord_voice-1.zip: 29%
2024-07-24T17:16:51.863Z [Modules] Streaming discord_voice@1 to /home/sauce/.config/discord/0.0.61/modules/pending/discord_voice-1.zip: 30%
2024-07-24T17:16:51.882Z [Modules] Streaming discord_voice@1 to /home/sauce/.config/discord/0.0.61/modules/pending/discord_voice-1.zip: 31%
2024-07-24T17:16:51.895Z [Modules] Streaming discord_voice@1 to /home/sauce/.config/discord/0.0.61/modules/pending/discord_voice-1.zip: 32%
2024-07-24T17:16:51.926Z [Modules] Streaming discord_voice@1 to /home/sauce/.config/discord/0.0.61/modules/pending/discord_voice-1.zip: 33%
2024-07-24T17:16:51.944Z [Modules] Streaming discord_voice@1 to /home/sauce/.config/discord/0.0.61/modules/pending/discord_voice-1.zip: 34%
2024-07-24T17:16:51.963Z [Modules] Streaming discord_voice@1 to /home/sauce/.config/discord/0.0.61/modules/pending/discord_voice-1.zip: 35%
2024-07-24T17:16:51.973Z [Modules] Streaming discord_voice@1 to /home/sauce/.config/discord/0.0.61/modules/pending/discord_voice-1.zip: 36%
2024-07-24T17:16:52.037Z [Modules] Streaming discord_voice@1 to /home/sauce/.config/discord/0.0.61/modules/pending/discord_voice-1.zip: 37%
2024-07-24T17:16:52.054Z [Modules] Streaming discord_voice@1 to /home/sauce/.config/discord/0.0.61/modules/pending/discord_voice-1.zip: 38%
2024-07-24T17:16:52.074Z [Modules] Streaming discord_voice@1 to /home/sauce/.config/discord/0.0.61/modules/pending/discord_voice-1.zip: 39%
2024-07-24T17:16:52.087Z [Modules] Streaming discord_voice@1 to /home/sauce/.config/discord/0.0.61/modules/pending/discord_voice-1.zip: 40%
2024-07-24T17:16:52.103Z [Modules] Streaming discord_voice@1 to /home/sauce/.config/discord/0.0.61/modules/pending/discord_voice-1.zip: 41%
2024-07-24T17:16:52.116Z [Modules] Streaming discord_voice@1 to /home/sauce/.config/discord/0.0.61/modules/pending/discord_voice-1.zip: 42%
2024-07-24T17:16:52.137Z [Modules] Streaming discord_voice@1 to /home/sauce/.config/discord/0.0.61/modules/pending/discord_voice-1.zip: 43%
2024-07-24T17:16:52.163Z [Modules] Streaming discord_voice@1 to /home/sauce/.config/discord/0.0.61/modules/pending/discord_voice-1.zip: 44%
2024-07-24T17:16:52.178Z [Modules] Streaming discord_voice@1 to /home/sauce/.config/discord/0.0.61/modules/pending/discord_voice-1.zip: 45%
2024-07-24T17:16:52.190Z [Modules] Streaming discord_voice@1 to /home/sauce/.config/discord/0.0.61/modules/pending/discord_voice-1.zip: 46%
2024-07-24T17:16:52.207Z [Modules] Streaming discord_voice@1 to /home/sauce/.config/discord/0.0.61/modules/pending/discord_voice-1.zip: 47%
2024-07-24T17:16:52.227Z [Modules] Streaming discord_voice@1 to /home/sauce/.config/discord/0.0.61/modules/pending/discord_voice-1.zip: 48%
2024-07-24T17:16:52.256Z [Modules] Streaming discord_voice@1 to /home/sauce/.config/discord/0.0.61/modules/pending/discord_voice-1.zip: 49%
2024-07-24T17:16:52.272Z [Modules] Streaming discord_voice@1 to /home/sauce/.config/discord/0.0.61/modules/pending/discord_voice-1.zip: 50%
2024-07-24T17:16:52.287Z [Modules] Streaming discord_voice@1 to /home/sauce/.config/discord/0.0.61/modules/pending/discord_voice-1.zip: 51%
2024-07-24T17:16:52.297Z [Modules] Streaming discord_voice@1 to /home/sauce/.config/discord/0.0.61/modules/pending/discord_voice-1.zip: 52%
2024-07-24T17:16:52.313Z [Modules] Streaming discord_voice@1 to /home/sauce/.config/discord/0.0.61/modules/pending/discord_voice-1.zip: 53%
2024-07-24T17:16:52.344Z [Modules] Streaming discord_voice@1 to /home/sauce/.config/discord/0.0.61/modules/pending/discord_voice-1.zip: 54%
2024-07-24T17:16:52.378Z [Modules] Streaming discord_voice@1 to /home/sauce/.config/discord/0.0.61/modules/pending/discord_voice-1.zip: 55%
2024-07-24T17:16:52.408Z [Modules] Streaming discord_voice@1 to /home/sauce/.config/discord/0.0.61/modules/pending/discord_voice-1.zip: 56%
2024-07-24T17:16:52.431Z [Modules] Streaming discord_voice@1 to /home/sauce/.config/discord/0.0.61/modules/pending/discord_voice-1.zip: 57%
2024-07-24T17:16:52.538Z [Modules] Streaming discord_voice@1 to /home/sauce/.config/discord/0.0.61/modules/pending/discord_voice-1.zip: 58%
2024-07-24T17:16:52.539Z [Modules] Streaming discord_voice@1 to /home/sauce/.config/discord/0.0.61/modules/pending/discord_voice-1.zip: 59%
2024-07-24T17:16:52.548Z [Modules] Streaming discord_voice@1 to /home/sauce/.config/discord/0.0.61/modules/pending/discord_voice-1.zip: 60%
2024-07-24T17:16:52.563Z [Modules] Streaming discord_voice@1 to /home/sauce/.config/discord/0.0.61/modules/pending/discord_voice-1.zip: 61%
2024-07-24T17:16:52.584Z [Modules] Streaming discord_voice@1 to /home/sauce/.config/discord/0.0.61/modules/pending/discord_voice-1.zip: 62%
2024-07-24T17:16:52.595Z [Modules] Streaming discord_voice@1 to /home/sauce/.config/discord/0.0.61/modules/pending/discord_voice-1.zip: 63%
2024-07-24T17:16:52.612Z [Modules] Streaming discord_voice@1 to /home/sauce/.config/discord/0.0.61/modules/pending/discord_voice-1.zip: 64%
2024-07-24T17:16:52.640Z [Modules] Streaming discord_voice@1 to /home/sauce/.config/discord/0.0.61/modules/pending/discord_voice-1.zip: 65%
2024-07-24T17:16:52.705Z [Modules] Streaming discord_voice@1 to /home/sauce/.config/discord/0.0.61/modules/pending/discord_voice-1.zip: 66%
2024-07-24T17:16:52.764Z [Modules] Streaming discord_voice@1 to /home/sauce/.config/discord/0.0.61/modules/pending/discord_voice-1.zip: 67%
2024-07-24T17:16:52.781Z [Modules] Streaming discord_voice@1 to /home/sauce/.config/discord/0.0.61/modules/pending/discord_voice-1.zip: 68%
2024-07-24T17:16:52.809Z [Modules] Streaming discord_voice@1 to /home/sauce/.config/discord/0.0.61/modules/pending/discord_voice-1.zip: 69%
2024-07-24T17:16:52.819Z [Modules] Streaming discord_voice@1 to /home/sauce/.config/discord/0.0.61/modules/pending/discord_voice-1.zip: 70%
2024-07-24T17:16:52.858Z [Modules] Streaming discord_voice@1 to /home/sauce/.config/discord/0.0.61/modules/pending/discord_voice-1.zip: 71%
2024-07-24T17:16:52.868Z [Modules] Streaming discord_voice@1 to /home/sauce/.config/discord/0.0.61/modules/pending/discord_voice-1.zip: 72%
2024-07-24T17:16:52.881Z [Modules] Streaming discord_voice@1 to /home/sauce/.config/discord/0.0.61/modules/pending/discord_voice-1.zip: 73%
2024-07-24T17:16:52.898Z [Modules] Streaming discord_voice@1 to /home/sauce/.config/discord/0.0.61/modules/pending/discord_voice-1.zip: 74%
2024-07-24T17:16:53.052Z [Modules] Streaming discord_voice@1 to /home/sauce/.config/discord/0.0.61/modules/pending/discord_voice-1.zip: 75%
2024-07-24T17:16:53.054Z [Modules] Streaming discord_voice@1 to /home/sauce/.config/discord/0.0.61/modules/pending/discord_voice-1.zip: 76%
2024-07-24T17:16:53.068Z [Modules] Streaming discord_voice@1 to /home/sauce/.config/discord/0.0.61/modules/pending/discord_voice-1.zip: 77%
2024-07-24T17:16:53.069Z [Modules] Streaming discord_voice@1 to /home/sauce/.config/discord/0.0.61/modules/pending/discord_voice-1.zip: 78%
2024-07-24T17:16:53.070Z [Modules] Streaming discord_voice@1 to /home/sauce/.config/discord/0.0.61/modules/pending/discord_voice-1.zip: 79%
2024-07-24T17:16:53.071Z [Modules] Streaming discord_voice@1 to /home/sauce/.config/discord/0.0.61/modules/pending/discord_voice-1.zip: 80%
2024-07-24T17:16:53.072Z [Modules] Streaming discord_voice@1 to /home/sauce/.config/discord/0.0.61/modules/pending/discord_voice-1.zip: 81%
2024-07-24T17:16:53.073Z [Modules] Streaming discord_voice@1 to /home/sauce/.config/discord/0.0.61/modules/pending/discord_voice-1.zip: 82%
2024-07-24T17:16:53.116Z [Modules] Streaming discord_voice@1 to /home/sauce/.config/discord/0.0.61/modules/pending/discord_voice-1.zip: 83%
2024-07-24T17:16:53.145Z [Modules] Streaming discord_voice@1 to /home/sauce/.config/discord/0.0.61/modules/pending/discord_voice-1.zip: 84%
2024-07-24T17:16:53.163Z [Modules] Streaming discord_voice@1 to /home/sauce/.config/discord/0.0.61/modules/pending/discord_voice-1.zip: 85%
2024-07-24T17:16:53.179Z [Modules] Streaming discord_voice@1 to /home/sauce/.config/discord/0.0.61/modules/pending/discord_voice-1.zip: 86%
2024-07-24T17:16:53.192Z [Modules] Streaming discord_voice@1 to /home/sauce/.config/discord/0.0.61/modules/pending/discord_voice-1.zip: 87%
2024-07-24T17:16:53.205Z [Modules] Streaming discord_voice@1 to /home/sauce/.config/discord/0.0.61/modules/pending/discord_voice-1.zip: 88%
2024-07-24T17:16:53.223Z [Modules] Streaming discord_voice@1 to /home/sauce/.config/discord/0.0.61/modules/pending/discord_voice-1.zip: 89%
2024-07-24T17:16:53.232Z [Modules] Streaming discord_voice@1 to /home/sauce/.config/discord/0.0.61/modules/pending/discord_voice-1.zip: 90%
2024-07-24T17:16:53.262Z [Modules] Streaming discord_voice@1 to /home/sauce/.config/discord/0.0.61/modules/pending/discord_voice-1.zip: 91%
2024-07-24T17:16:53.274Z [Modules] Streaming discord_voice@1 to /home/sauce/.config/discord/0.0.61/modules/pending/discord_voice-1.zip: 92%
2024-07-24T17:16:53.291Z [Modules] Streaming discord_voice@1 to /home/sauce/.config/discord/0.0.61/modules/pending/discord_voice-1.zip: 93%
2024-07-24T17:16:53.301Z [Modules] Streaming discord_voice@1 to /home/sauce/.config/discord/0.0.61/modules/pending/discord_voice-1.zip: 94%
2024-07-24T17:16:53.326Z [Modules] Streaming discord_voice@1 to /home/sauce/.config/discord/0.0.61/modules/pending/discord_voice-1.zip: 95%
2024-07-24T17:16:53.335Z [Modules] Streaming discord_voice@1 to /home/sauce/.config/discord/0.0.61/modules/pending/discord_voice-1.zip: 96%
2024-07-24T17:16:53.378Z [Modules] Streaming discord_voice@1 to /home/sauce/.config/discord/0.0.61/modules/pending/discord_voice-1.zip: 97%
2024-07-24T17:16:53.394Z [Modules] Streaming discord_voice@1 to /home/sauce/.config/discord/0.0.61/modules/pending/discord_voice-1.zip: 98%
2024-07-24T17:16:53.405Z [Modules] Streaming discord_voice@1 to /home/sauce/.config/discord/0.0.61/modules/pending/discord_voice-1.zip: 99%
2024-07-24T17:16:53.418Z [Modules] Streaming discord_voice@1 to /home/sauce/.config/discord/0.0.61/modules/pending/discord_voice-1.zip: 100%
2024-07-24T17:16:53.420Z [Modules] Fetching discord_zstd@1 from https://discord.com/api/modules/stable/discord_zstd/1
2024-07-24T17:16:53.420Z [Modules] Streaming discord_zstd@1 to /home/sauce/.config/discord/0.0.61/modules/pending/discord_zstd-1.zip
2024-07-24T17:16:53.534Z [Modules] Streaming discord_zstd@1 to /home/sauce/.config/discord/0.0.61/modules/pending/discord_zstd-1.zip: 11%
2024-07-24T17:16:53.537Z [Modules] Streaming discord_zstd@1 to /home/sauce/.config/discord/0.0.61/modules/pending/discord_zstd-1.zip: 27%
2024-07-24T17:16:53.538Z [Modules] Streaming discord_zstd@1 to /home/sauce/.config/discord/0.0.61/modules/pending/discord_zstd-1.zip: 35%
2024-07-24T17:16:53.544Z [Modules] Streaming discord_zstd@1 to /home/sauce/.config/discord/0.0.61/modules/pending/discord_zstd-1.zip: 51%
2024-07-24T17:16:53.545Z [Modules] Streaming discord_zstd@1 to /home/sauce/.config/discord/0.0.61/modules/pending/discord_zstd-1.zip: 60%
2024-07-24T17:16:53.553Z [Modules] Streaming discord_zstd@1 to /home/sauce/.config/discord/0.0.61/modules/pending/discord_zstd-1.zip: 76%
2024-07-24T17:16:53.554Z [Modules] Streaming discord_zstd@1 to /home/sauce/.config/discord/0.0.61/modules/pending/discord_zstd-1.zip: 80%
2024-07-24T17:16:53.557Z [Modules] Streaming discord_zstd@1 to /home/sauce/.config/discord/0.0.61/modules/pending/discord_zstd-1.zip: 96%
2024-07-24T17:16:53.558Z [Modules] Streaming discord_zstd@1 to /home/sauce/.config/discord/0.0.61/modules/pending/discord_zstd-1.zip: 100%
2024-07-24T17:16:53.559Z [Modules] Finished module downloads. [success: 6] [failure: 0]
2024-07-24T17:16:53.560Z [Modules] Installing updates...
2024-07-24T17:16:53.560Z [Modules] Installing discord_desktop_core@1 from /home/sauce/.config/discord/0.0.61/modules/pending/discord_desktop_core-1.zip
2024-07-24T17:16:53.640Z [Modules] Installing discord_erlpack@1 from /home/sauce/.config/discord/0.0.61/modules/pending/discord_erlpack-1.zip
2024-07-24T17:16:53.688Z [Modules] Installing discord_spellcheck@1 from /home/sauce/.config/discord/0.0.61/modules/pending/discord_spellcheck-1.zip
2024-07-24T17:16:54.214Z [Modules] Installing discord_utils@1 from /home/sauce/.config/discord/0.0.61/modules/pending/discord_utils-1.zip
2024-07-24T17:16:54.305Z [Modules] Installing discord_voice@1 from /home/sauce/.config/discord/0.0.61/modules/pending/discord_voice-1.zip
2024-07-24T17:16:54.716Z [Modules] Installing discord_zstd@1 from /home/sauce/.config/discord/0.0.61/modules/pending/discord_zstd-1.zip
2024-07-24T17:16:54.726Z [Modules] Finished module installations. [success: 6] [failure: 0]
2024-07-24T17:16:54.726Z [Modules] Checking for host updates.
2024-07-24T17:16:54.812Z [Modules] Host is up to date.
2024-07-24T17:16:54.812Z [Modules] Checking for module updates at https://discord.com/api/modules/stable/versions.json
2024-07-24T17:16:54.816Z [Modules] No module updates available.
2024-07-24T17:16:55.995Z [Modules] Starting to install discord_krisp...
2024-07-24T17:16:55.995Z [Modules] Fetching discord_krisp@1 from https://discord.com/api/modules/stable/discord_krisp/1
2024-07-24T17:16:55.995Z [Modules] Streaming discord_krisp@1 to /home/sauce/.config/discord/0.0.61/modules/pending/discord_krisp-1.zip
2024-07-24T17:16:56.003Z [Modules] Starting to install discord_game_utils...
2024-07-24T17:16:56.169Z [Modules] Streaming discord_krisp@1 to /home/sauce/.config/discord/0.0.61/modules/pending/discord_krisp-1.zip: 1%
2024-07-24T17:16:56.200Z [Modules] Streaming discord_krisp@1 to /home/sauce/.config/discord/0.0.61/modules/pending/discord_krisp-1.zip: 2%
2024-07-24T17:16:56.245Z [Modules] Streaming discord_krisp@1 to /home/sauce/.config/discord/0.0.61/modules/pending/discord_krisp-1.zip: 3%
2024-07-24T17:16:56.278Z [Modules] Streaming discord_krisp@1 to /home/sauce/.config/discord/0.0.61/modules/pending/discord_krisp-1.zip: 4%
2024-07-24T17:16:56.282Z [Modules] Streaming discord_krisp@1 to /home/sauce/.config/discord/0.0.61/modules/pending/discord_krisp-1.zip: 5%
2024-07-24T17:16:56.302Z [Modules] Streaming discord_krisp@1 to /home/sauce/.config/discord/0.0.61/modules/pending/discord_krisp-1.zip: 6%
2024-07-24T17:16:56.351Z [Modules] Streaming discord_krisp@1 to /home/sauce/.config/discord/0.0.61/modules/pending/discord_krisp-1.zip: 7%
2024-07-24T17:16:56.394Z [Modules] Streaming discord_krisp@1 to /home/sauce/.config/discord/0.0.61/modules/pending/discord_krisp-1.zip: 8%
2024-07-24T17:16:56.415Z [Modules] Streaming discord_krisp@1 to /home/sauce/.config/discord/0.0.61/modules/pending/discord_krisp-1.zip: 9%
2024-07-24T17:16:56.459Z [Modules] Streaming discord_krisp@1 to /home/sauce/.config/discord/0.0.61/modules/pending/discord_krisp-1.zip: 10%
2024-07-24T17:16:56.487Z [Modules] Streaming discord_krisp@1 to /home/sauce/.config/discord/0.0.61/modules/pending/discord_krisp-1.zip: 11%
2024-07-24T17:16:56.508Z [Modules] Streaming discord_krisp@1 to /home/sauce/.config/discord/0.0.61/modules/pending/discord_krisp-1.zip: 12%
2024-07-24T17:16:56.545Z [Modules] Streaming discord_krisp@1 to /home/sauce/.config/discord/0.0.61/modules/pending/discord_krisp-1.zip: 13%
2024-07-24T17:16:56.570Z [Modules] Streaming discord_krisp@1 to /home/sauce/.config/discord/0.0.61/modules/pending/discord_krisp-1.zip: 14%
2024-07-24T17:16:56.597Z [Modules] Streaming discord_krisp@1 to /home/sauce/.config/discord/0.0.61/modules/pending/discord_krisp-1.zip: 15%
2024-07-24T17:16:56.613Z [Modules] Streaming discord_krisp@1 to /home/sauce/.config/discord/0.0.61/modules/pending/discord_krisp-1.zip: 16%
2024-07-24T17:16:56.666Z [Modules] Streaming discord_krisp@1 to /home/sauce/.config/discord/0.0.61/modules/pending/discord_krisp-1.zip: 17%
2024-07-24T17:16:56.718Z [Modules] Streaming discord_krisp@1 to /home/sauce/.config/discord/0.0.61/modules/pending/discord_krisp-1.zip: 18%
2024-07-24T17:16:56.744Z [Modules] Streaming discord_krisp@1 to /home/sauce/.config/discord/0.0.61/modules/pending/discord_krisp-1.zip: 19%
2024-07-24T17:16:56.865Z [Modules] Streaming discord_krisp@1 to /home/sauce/.config/discord/0.0.61/modules/pending/discord_krisp-1.zip: 20%
2024-07-24T17:16:56.883Z [Modules] Streaming discord_krisp@1 to /home/sauce/.config/discord/0.0.61/modules/pending/discord_krisp-1.zip: 21%
2024-07-24T17:16:56.905Z [Modules] Streaming discord_krisp@1 to /home/sauce/.config/discord/0.0.61/modules/pending/discord_krisp-1.zip: 22%
2024-07-24T17:16:56.924Z [Modules] Streaming discord_krisp@1 to /home/sauce/.config/discord/0.0.61/modules/pending/discord_krisp-1.zip: 23%
2024-07-24T17:16:57.341Z [Modules] Streaming discord_krisp@1 to /home/sauce/.config/discord/0.0.61/modules/pending/discord_krisp-1.zip: 24%
2024-07-24T17:16:57.343Z [Modules] Streaming discord_krisp@1 to /home/sauce/.config/discord/0.0.61/modules/pending/discord_krisp-1.zip: 25%
2024-07-24T17:16:57.344Z [Modules] Streaming discord_krisp@1 to /home/sauce/.config/discord/0.0.61/modules/pending/discord_krisp-1.zip: 26%
2024-07-24T17:16:57.346Z [Modules] Streaming discord_krisp@1 to /home/sauce/.config/discord/0.0.61/modules/pending/discord_krisp-1.zip: 27%
2024-07-24T17:16:57.347Z [Modules] Streaming discord_krisp@1 to /home/sauce/.config/discord/0.0.61/modules/pending/discord_krisp-1.zip: 28%
2024-07-24T17:16:57.349Z [Modules] Streaming discord_krisp@1 to /home/sauce/.config/discord/0.0.61/modules/pending/discord_krisp-1.zip: 29%
2024-07-24T17:16:57.350Z [Modules] Streaming discord_krisp@1 to /home/sauce/.config/discord/0.0.61/modules/pending/discord_krisp-1.zip: 30%
2024-07-24T17:16:57.351Z [Modules] Streaming discord_krisp@1 to /home/sauce/.config/discord/0.0.61/modules/pending/discord_krisp-1.zip: 31%
2024-07-24T17:16:57.414Z [Modules] Streaming discord_krisp@1 to /home/sauce/.config/discord/0.0.61/modules/pending/discord_krisp-1.zip: 32%
2024-07-24T17:16:57.458Z [Modules] Streaming discord_krisp@1 to /home/sauce/.config/discord/0.0.61/modules/pending/discord_krisp-1.zip: 33%
2024-07-24T17:16:57.477Z [Modules] Streaming discord_krisp@1 to /home/sauce/.config/discord/0.0.61/modules/pending/discord_krisp-1.zip: 34%
2024-07-24T17:16:57.504Z [Modules] Streaming discord_krisp@1 to /home/sauce/.config/discord/0.0.61/modules/pending/discord_krisp-1.zip: 35%
2024-07-24T17:16:57.522Z [Modules] Streaming discord_krisp@1 to /home/sauce/.config/discord/0.0.61/modules/pending/discord_krisp-1.zip: 36%
2024-07-24T17:16:57.540Z [Modules] Streaming discord_krisp@1 to /home/sauce/.config/discord/0.0.61/modules/pending/discord_krisp-1.zip: 37%
2024-07-24T17:16:57.554Z [Modules] Streaming discord_krisp@1 to /home/sauce/.config/discord/0.0.61/modules/pending/discord_krisp-1.zip: 38%
2024-07-24T17:16:57.586Z [Modules] Streaming discord_krisp@1 to /home/sauce/.config/discord/0.0.61/modules/pending/discord_krisp-1.zip: 39%
2024-07-24T17:16:57.734Z [Modules] Streaming discord_krisp@1 to /home/sauce/.config/discord/0.0.61/modules/pending/discord_krisp-1.zip: 40%
2024-07-24T17:16:57.736Z [Modules] Streaming discord_krisp@1 to /home/sauce/.config/discord/0.0.61/modules/pending/discord_krisp-1.zip: 41%
2024-07-24T17:16:57.738Z [Modules] Streaming discord_krisp@1 to /home/sauce/.config/discord/0.0.61/modules/pending/discord_krisp-1.zip: 42%
2024-07-24T17:16:57.739Z [Modules] Streaming discord_krisp@1 to /home/sauce/.config/discord/0.0.61/modules/pending/discord_krisp-1.zip: 43%
2024-07-24T17:16:57.740Z [Modules] Streaming discord_krisp@1 to /home/sauce/.config/discord/0.0.61/modules/pending/discord_krisp-1.zip: 44%
2024-07-24T17:16:57.741Z [Modules] Streaming discord_krisp@1 to /home/sauce/.config/discord/0.0.61/modules/pending/discord_krisp-1.zip: 45%
2024-07-24T17:16:57.747Z [Modules] Streaming discord_krisp@1 to /home/sauce/.config/discord/0.0.61/modules/pending/discord_krisp-1.zip: 46%
2024-07-24T17:16:57.776Z [Modules] Streaming discord_krisp@1 to /home/sauce/.config/discord/0.0.61/modules/pending/discord_krisp-1.zip: 47%
2024-07-24T17:16:57.822Z [Modules] Streaming discord_krisp@1 to /home/sauce/.config/discord/0.0.61/modules/pending/discord_krisp-1.zip: 48%
2024-07-24T17:16:57.849Z [Modules] Streaming discord_krisp@1 to /home/sauce/.config/discord/0.0.61/modules/pending/discord_krisp-1.zip: 49%
2024-07-24T17:16:57.894Z [Modules] Streaming discord_krisp@1 to /home/sauce/.config/discord/0.0.61/modules/pending/discord_krisp-1.zip: 50%
2024-07-24T17:16:57.915Z [Modules] Streaming discord_krisp@1 to /home/sauce/.config/discord/0.0.61/modules/pending/discord_krisp-1.zip: 51%
2024-07-24T17:16:57.931Z [Modules] Streaming discord_krisp@1 to /home/sauce/.config/discord/0.0.61/modules/pending/discord_krisp-1.zip: 52%
2024-07-24T17:16:57.952Z [Modules] Streaming discord_krisp@1 to /home/sauce/.config/discord/0.0.61/modules/pending/discord_krisp-1.zip: 53%
2024-07-24T17:16:57.976Z [Modules] Streaming discord_krisp@1 to /home/sauce/.config/discord/0.0.61/modules/pending/discord_krisp-1.zip: 54%
2024-07-24T17:16:57.993Z [Modules] Streaming discord_krisp@1 to /home/sauce/.config/discord/0.0.61/modules/pending/discord_krisp-1.zip: 55%
2024-07-24T17:16:58.097Z [Modules] Streaming discord_krisp@1 to /home/sauce/.config/discord/0.0.61/modules/pending/discord_krisp-1.zip: 56%
2024-07-24T17:16:58.099Z [Modules] Streaming discord_krisp@1 to /home/sauce/.config/discord/0.0.61/modules/pending/discord_krisp-1.zip: 57%
2024-07-24T17:16:58.101Z [Modules] Streaming discord_krisp@1 to /home/sauce/.config/discord/0.0.61/modules/pending/discord_krisp-1.zip: 58%
2024-07-24T17:16:58.102Z [Modules] Streaming discord_krisp@1 to /home/sauce/.config/discord/0.0.61/modules/pending/discord_krisp-1.zip: 59%
2024-07-24T17:16:58.103Z [Modules] Streaming discord_krisp@1 to /home/sauce/.config/discord/0.0.61/modules/pending/discord_krisp-1.zip: 60%
2024-07-24T17:16:58.115Z [Modules] Streaming discord_krisp@1 to /home/sauce/.config/discord/0.0.61/modules/pending/discord_krisp-1.zip: 61%
2024-07-24T17:16:58.140Z [Modules] Streaming discord_krisp@1 to /home/sauce/.config/discord/0.0.61/modules/pending/discord_krisp-1.zip: 62%
2024-07-24T17:16:58.156Z [Modules] Streaming discord_krisp@1 to /home/sauce/.config/discord/0.0.61/modules/pending/discord_krisp-1.zip: 63%
2024-07-24T17:16:58.180Z [Modules] Streaming discord_krisp@1 to /home/sauce/.config/discord/0.0.61/modules/pending/discord_krisp-1.zip: 64%
2024-07-24T17:16:58.191Z [Modules] Streaming discord_krisp@1 to /home/sauce/.config/discord/0.0.61/modules/pending/discord_krisp-1.zip: 65%
2024-07-24T17:16:58.214Z [Modules] Streaming discord_krisp@1 to /home/sauce/.config/discord/0.0.61/modules/pending/discord_krisp-1.zip: 66%
2024-07-24T17:16:58.234Z [Modules] Streaming discord_krisp@1 to /home/sauce/.config/discord/0.0.61/modules/pending/discord_krisp-1.zip: 67%
2024-07-24T17:16:58.247Z [Modules] Streaming discord_krisp@1 to /home/sauce/.config/discord/0.0.61/modules/pending/discord_krisp-1.zip: 68%
2024-07-24T17:16:58.315Z [Modules] Streaming discord_krisp@1 to /home/sauce/.config/discord/0.0.61/modules/pending/discord_krisp-1.zip: 69%
2024-07-24T17:16:58.325Z [Modules] Streaming discord_krisp@1 to /home/sauce/.config/discord/0.0.61/modules/pending/discord_krisp-1.zip: 70%
2024-07-24T17:16:58.344Z [Modules] Streaming discord_krisp@1 to /home/sauce/.config/discord/0.0.61/modules/pending/discord_krisp-1.zip: 71%
2024-07-24T17:16:58.381Z [Modules] Streaming discord_krisp@1 to /home/sauce/.config/discord/0.0.61/modules/pending/discord_krisp-1.zip: 72%
2024-07-24T17:16:58.421Z [Modules] Streaming discord_krisp@1 to /home/sauce/.config/discord/0.0.61/modules/pending/discord_krisp-1.zip: 73%
2024-07-24T17:16:58.431Z [Modules] Streaming discord_krisp@1 to /home/sauce/.config/discord/0.0.61/modules/pending/discord_krisp-1.zip: 74%
2024-07-24T17:16:58.447Z [Modules] Streaming discord_krisp@1 to /home/sauce/.config/discord/0.0.61/modules/pending/discord_krisp-1.zip: 75%
2024-07-24T17:16:58.460Z [Modules] Streaming discord_krisp@1 to /home/sauce/.config/discord/0.0.61/modules/pending/discord_krisp-1.zip: 76%
2024-07-24T17:16:58.485Z [Modules] Streaming discord_krisp@1 to /home/sauce/.config/discord/0.0.61/modules/pending/discord_krisp-1.zip: 77%
2024-07-24T17:16:58.505Z [Modules] Streaming discord_krisp@1 to /home/sauce/.config/discord/0.0.61/modules/pending/discord_krisp-1.zip: 78%
2024-07-24T17:16:58.519Z [Modules] Streaming discord_krisp@1 to /home/sauce/.config/discord/0.0.61/modules/pending/discord_krisp-1.zip: 79%
2024-07-24T17:16:58.536Z [Modules] Streaming discord_krisp@1 to /home/sauce/.config/discord/0.0.61/modules/pending/discord_krisp-1.zip: 80%
2024-07-24T17:16:58.547Z [Modules] Streaming discord_krisp@1 to /home/sauce/.config/discord/0.0.61/modules/pending/discord_krisp-1.zip: 81%
2024-07-24T17:16:58.574Z [Modules] Streaming discord_krisp@1 to /home/sauce/.config/discord/0.0.61/modules/pending/discord_krisp-1.zip: 82%
2024-07-24T17:16:58.606Z [Modules] Streaming discord_krisp@1 to /home/sauce/.config/discord/0.0.61/modules/pending/discord_krisp-1.zip: 83%
2024-07-24T17:16:58.614Z [Modules] Streaming discord_krisp@1 to /home/sauce/.config/discord/0.0.61/modules/pending/discord_krisp-1.zip: 84%
2024-07-24T17:16:58.630Z [Modules] Streaming discord_krisp@1 to /home/sauce/.config/discord/0.0.61/modules/pending/discord_krisp-1.zip: 85%
2024-07-24T17:16:58.643Z [Modules] Streaming discord_krisp@1 to /home/sauce/.config/discord/0.0.61/modules/pending/discord_krisp-1.zip: 86%
2024-07-24T17:16:58.654Z [Modules] Streaming discord_krisp@1 to /home/sauce/.config/discord/0.0.61/modules/pending/discord_krisp-1.zip: 87%
2024-07-24T17:16:58.668Z [Modules] Streaming discord_krisp@1 to /home/sauce/.config/discord/0.0.61/modules/pending/discord_krisp-1.zip: 88%
2024-07-24T17:16:58.692Z [Modules] Streaming discord_krisp@1 to /home/sauce/.config/discord/0.0.61/modules/pending/discord_krisp-1.zip: 89%
2024-07-24T17:16:58.701Z [Modules] Streaming discord_krisp@1 to /home/sauce/.config/discord/0.0.61/modules/pending/discord_krisp-1.zip: 90%
2024-07-24T17:16:58.762Z [Modules] Streaming discord_krisp@1 to /home/sauce/.config/discord/0.0.61/modules/pending/discord_krisp-1.zip: 91%
2024-07-24T17:16:58.785Z [Modules] Streaming discord_krisp@1 to /home/sauce/.config/discord/0.0.61/modules/pending/discord_krisp-1.zip: 92%
2024-07-24T17:16:58.806Z [Modules] Streaming discord_krisp@1 to /home/sauce/.config/discord/0.0.61/modules/pending/discord_krisp-1.zip: 93%
2024-07-24T17:16:58.819Z [Modules] Streaming discord_krisp@1 to /home/sauce/.config/discord/0.0.61/modules/pending/discord_krisp-1.zip: 94%
2024-07-24T17:16:58.860Z [Modules] Streaming discord_krisp@1 to /home/sauce/.config/discord/0.0.61/modules/pending/discord_krisp-1.zip: 95%
2024-07-24T17:16:58.876Z [Modules] Streaming discord_krisp@1 to /home/sauce/.config/discord/0.0.61/modules/pending/discord_krisp-1.zip: 96%
2024-07-24T17:16:58.895Z [Modules] Streaming discord_krisp@1 to /home/sauce/.config/discord/0.0.61/modules/pending/discord_krisp-1.zip: 97%
2024-07-24T17:16:58.905Z [Modules] Streaming discord_krisp@1 to /home/sauce/.config/discord/0.0.61/modules/pending/discord_krisp-1.zip: 98%
2024-07-24T17:16:58.976Z [Modules] Streaming discord_krisp@1 to /home/sauce/.config/discord/0.0.61/modules/pending/discord_krisp-1.zip: 99%
2024-07-24T17:16:58.992Z [Modules] Streaming discord_krisp@1 to /home/sauce/.config/discord/0.0.61/modules/pending/discord_krisp-1.zip: 100%
2024-07-24T17:16:58.993Z [Modules] Fetching discord_game_utils@1 from https://discord.com/api/modules/stable/discord_game_utils/1
2024-07-24T17:16:58.993Z [Modules] Streaming discord_game_utils@1 to /home/sauce/.config/discord/0.0.61/modules/pending/discord_game_utils-1.zip
2024-07-24T17:16:58.994Z [Modules] Installing discord_krisp@1 from /home/sauce/.config/discord/0.0.61/modules/pending/discord_krisp-1.zip
2024-07-24T17:16:59.164Z [Modules] Streaming discord_game_utils@1 to /home/sauce/.config/discord/0.0.61/modules/pending/discord_game_utils-1.zip: 2%
2024-07-24T17:16:59.168Z [Modules] Streaming discord_game_utils@1 to /home/sauce/.config/discord/0.0.61/modules/pending/discord_game_utils-1.zip: 4%
2024-07-24T17:16:59.168Z [Modules] Streaming discord_game_utils@1 to /home/sauce/.config/discord/0.0.61/modules/pending/discord_game_utils-1.zip: 5%
2024-07-24T17:16:59.173Z [Modules] Streaming discord_game_utils@1 to /home/sauce/.config/discord/0.0.61/modules/pending/discord_game_utils-1.zip: 8%
2024-07-24T17:16:59.181Z [Modules] Streaming discord_game_utils@1 to /home/sauce/.config/discord/0.0.61/modules/pending/discord_game_utils-1.zip: 11%
2024-07-24T17:16:59.181Z [Modules] Streaming discord_game_utils@1 to /home/sauce/.config/discord/0.0.61/modules/pending/discord_game_utils-1.zip: 12%
2024-07-24T17:16:59.188Z [Modules] Streaming discord_game_utils@1 to /home/sauce/.config/discord/0.0.61/modules/pending/discord_game_utils-1.zip: 15%
2024-07-24T17:16:59.197Z [Modules] Streaming discord_game_utils@1 to /home/sauce/.config/discord/0.0.61/modules/pending/discord_game_utils-1.zip: 16%
2024-07-24T17:16:59.197Z [Modules] Streaming discord_game_utils@1 to /home/sauce/.config/discord/0.0.61/modules/pending/discord_game_utils-1.zip: 18%
2024-07-24T17:16:59.198Z [Modules] Streaming discord_game_utils@1 to /home/sauce/.config/discord/0.0.61/modules/pending/discord_game_utils-1.zip: 19%
2024-07-24T17:16:59.204Z [Modules] Streaming discord_game_utils@1 to /home/sauce/.config/discord/0.0.61/modules/pending/discord_game_utils-1.zip: 21%
2024-07-24T17:16:59.204Z [Modules] Streaming discord_game_utils@1 to /home/sauce/.config/discord/0.0.61/modules/pending/discord_game_utils-1.zip: 23%
2024-07-24T17:16:59.209Z [Modules] Streaming discord_game_utils@1 to /home/sauce/.config/discord/0.0.61/modules/pending/discord_game_utils-1.zip: 25%
2024-07-24T17:16:59.209Z [Modules] Streaming discord_game_utils@1 to /home/sauce/.config/discord/0.0.61/modules/pending/discord_game_utils-1.zip: 26%
2024-07-24T17:16:59.212Z [Modules] Streaming discord_game_utils@1 to /home/sauce/.config/discord/0.0.61/modules/pending/discord_game_utils-1.zip: 28%
2024-07-24T17:16:59.217Z [Modules] Streaming discord_game_utils@1 to /home/sauce/.config/discord/0.0.61/modules/pending/discord_game_utils-1.zip: 31%
2024-07-24T17:16:59.222Z [Modules] Streaming discord_game_utils@1 to /home/sauce/.config/discord/0.0.61/modules/pending/discord_game_utils-1.zip: 34%
2024-07-24T17:16:59.223Z [Modules] Streaming discord_game_utils@1 to /home/sauce/.config/discord/0.0.61/modules/pending/discord_game_utils-1.zip: 35%
2024-07-24T17:16:59.230Z [Modules] Streaming discord_game_utils@1 to /home/sauce/.config/discord/0.0.61/modules/pending/discord_game_utils-1.zip: 37%
2024-07-24T17:16:59.230Z [Modules] Streaming discord_game_utils@1 to /home/sauce/.config/discord/0.0.61/modules/pending/discord_game_utils-1.zip: 38%
2024-07-24T17:16:59.234Z [Modules] Streaming discord_game_utils@1 to /home/sauce/.config/discord/0.0.61/modules/pending/discord_game_utils-1.zip: 40%
2024-07-24T17:16:59.234Z [Modules] Streaming discord_game_utils@1 to /home/sauce/.config/discord/0.0.61/modules/pending/discord_game_utils-1.zip: 41%
2024-07-24T17:16:59.240Z [Modules] Streaming discord_game_utils@1 to /home/sauce/.config/discord/0.0.61/modules/pending/discord_game_utils-1.zip: 44%
2024-07-24T17:16:59.240Z [Modules] Checking for host updates.
2024-07-24T17:16:59.241Z [Modules] Streaming discord_game_utils@1 to /home/sauce/.config/discord/0.0.61/modules/pending/discord_game_utils-1.zip: 45%
2024-07-24T17:16:59.244Z [Modules] Streaming discord_game_utils@1 to /home/sauce/.config/discord/0.0.61/modules/pending/discord_game_utils-1.zip: 47%
2024-07-24T17:16:59.245Z [Modules] Streaming discord_game_utils@1 to /home/sauce/.config/discord/0.0.61/modules/pending/discord_game_utils-1.zip: 48%
2024-07-24T17:16:59.250Z [Modules] Streaming discord_game_utils@1 to /home/sauce/.config/discord/0.0.61/modules/pending/discord_game_utils-1.zip: 51%
2024-07-24T17:16:59.259Z [Modules] Streaming discord_game_utils@1 to /home/sauce/.config/discord/0.0.61/modules/pending/discord_game_utils-1.zip: 53%
2024-07-24T17:16:59.260Z [Modules] Streaming discord_game_utils@1 to /home/sauce/.config/discord/0.0.61/modules/pending/discord_game_utils-1.zip: 55%
2024-07-24T17:16:59.260Z [Modules] Streaming discord_game_utils@1 to /home/sauce/.config/discord/0.0.61/modules/pending/discord_game_utils-1.zip: 56%
2024-07-24T17:16:59.269Z [Modules] Streaming discord_game_utils@1 to /home/sauce/.config/discord/0.0.61/modules/pending/discord_game_utils-1.zip: 58%
2024-07-24T17:16:59.269Z [Modules] Streaming discord_game_utils@1 to /home/sauce/.config/discord/0.0.61/modules/pending/discord_game_utils-1.zip: 59%
2024-07-24T17:16:59.274Z [Modules] Streaming discord_game_utils@1 to /home/sauce/.config/discord/0.0.61/modules/pending/discord_game_utils-1.zip: 61%
2024-07-24T17:16:59.274Z [Modules] Streaming discord_game_utils@1 to /home/sauce/.config/discord/0.0.61/modules/pending/discord_game_utils-1.zip: 62%
2024-07-24T17:16:59.285Z [Modules] Streaming discord_game_utils@1 to /home/sauce/.config/discord/0.0.61/modules/pending/discord_game_utils-1.zip: 64%
2024-07-24T17:16:59.285Z [Modules] Streaming discord_game_utils@1 to /home/sauce/.config/discord/0.0.61/modules/pending/discord_game_utils-1.zip: 66%
2024-07-24T17:16:59.290Z [Modules] Streaming discord_game_utils@1 to /home/sauce/.config/discord/0.0.61/modules/pending/discord_game_utils-1.zip: 67%
2024-07-24T17:16:59.301Z [Modules] Streaming discord_game_utils@1 to /home/sauce/.config/discord/0.0.61/modules/pending/discord_game_utils-1.zip: 70%
2024-07-24T17:16:59.305Z [Modules] Streaming discord_game_utils@1 to /home/sauce/.config/discord/0.0.61/modules/pending/discord_game_utils-1.zip: 73%
2024-07-24T17:16:59.307Z [Modules] Host is up to date.
2024-07-24T17:16:59.307Z [Modules] Checking for module updates at https://discord.com/api/modules/stable/versions.json
2024-07-24T17:16:59.310Z [Modules] No module updates available.
2024-07-24T17:16:59.311Z [Modules] Streaming discord_game_utils@1 to /home/sauce/.config/discord/0.0.61/modules/pending/discord_game_utils-1.zip: 75%
2024-07-24T17:16:59.311Z [Modules] Streaming discord_game_utils@1 to /home/sauce/.config/discord/0.0.61/modules/pending/discord_game_utils-1.zip: 76%
2024-07-24T17:16:59.315Z [Modules] Streaming discord_game_utils@1 to /home/sauce/.config/discord/0.0.61/modules/pending/discord_game_utils-1.zip: 79%
2024-07-24T17:16:59.315Z [Modules] Streaming discord_game_utils@1 to /home/sauce/.config/discord/0.0.61/modules/pending/discord_game_utils-1.zip: 80%
2024-07-24T17:16:59.323Z [Modules] Streaming discord_game_utils@1 to /home/sauce/.config/discord/0.0.61/modules/pending/discord_game_utils-1.zip: 82%
2024-07-24T17:16:59.324Z [Modules] Streaming discord_game_utils@1 to /home/sauce/.config/discord/0.0.61/modules/pending/discord_game_utils-1.zip: 83%
2024-07-24T17:16:59.333Z [Modules] Streaming discord_game_utils@1 to /home/sauce/.config/discord/0.0.61/modules/pending/discord_game_utils-1.zip: 88%
2024-07-24T17:16:59.338Z [Modules] Streaming discord_game_utils@1 to /home/sauce/.config/discord/0.0.61/modules/pending/discord_game_utils-1.zip: 90%
2024-07-24T17:16:59.338Z [Modules] Streaming discord_game_utils@1 to /home/sauce/.config/discord/0.0.61/modules/pending/discord_game_utils-1.zip: 92%
2024-07-24T17:16:59.340Z [Modules] Finished module installations. [success: 1] [failure: 0]
2024-07-24T17:16:59.342Z [Modules] Streaming discord_game_utils@1 to /home/sauce/.config/discord/0.0.61/modules/pending/discord_game_utils-1.zip: 94%
2024-07-24T17:16:59.342Z [Modules] Streaming discord_game_utils@1 to /home/sauce/.config/discord/0.0.61/modules/pending/discord_game_utils-1.zip: 95%
2024-07-24T17:16:59.344Z [Modules] Starting to install discord_rpc...
2024-07-24T17:16:59.346Z [Modules] Streaming discord_game_utils@1 to /home/sauce/.config/discord/0.0.61/modules/pending/discord_game_utils-1.zip: 98%
2024-07-24T17:16:59.348Z [Modules] Streaming discord_game_utils@1 to /home/sauce/.config/discord/0.0.61/modules/pending/discord_game_utils-1.zip: 100%
2024-07-24T17:16:59.350Z [Modules] Fetching discord_rpc@1 from https://discord.com/api/modules/stable/discord_rpc/1
2024-07-24T17:16:59.350Z [Modules] Streaming discord_rpc@1 to /home/sauce/.config/discord/0.0.61/modules/pending/discord_rpc-1.zip
2024-07-24T17:16:59.350Z [Modules] Installing discord_game_utils@1 from /home/sauce/.config/discord/0.0.61/modules/pending/discord_game_utils-1.zip
2024-07-24T17:16:59.405Z [Modules] Finished module installations. [success: 1] [failure: 0]
2024-07-24T17:16:59.492Z [Modules] Streaming discord_rpc@1 to /home/sauce/.config/discord/0.0.61/modules/pending/discord_rpc-1.zip: 100%
2024-07-24T17:16:59.493Z [Modules] Finished module downloads. [success: 3] [failure: 0]
2024-07-24T17:16:59.493Z [Modules] Installing discord_rpc@1 from /home/sauce/.config/discord/0.0.61/modules/pending/discord_rpc-1.zip
2024-07-24T17:16:59.502Z [Modules] Finished module installations. [success: 1] [failure: 0]
2024-07-24T18:16:59.246Z [Modules] Checking for host updates.
2024-07-24T18:16:59.683Z [Modules] Host is up to date.
2024-07-24T18:16:59.683Z [Modules] Checking for module updates at https://discord.com/api/modules/stable/versions.json
2024-07-24T18:16:59.733Z [Modules] No module updates available.
2024-07-24T19:16:59.247Z [Modules] Checking for host updates.
2024-07-24T19:16:59.414Z [Modules] Host is up to date.
2024-07-24T19:16:59.414Z [Modules] Checking for module updates at https://discord.com/api/modules/stable/versions.json
2024-07-24T19:16:59.481Z [Modules] No module updates available.
2024-07-24T20:16:59.246Z [Modules] Checking for host updates.
2024-07-24T20:16:59.382Z [Modules] Host is up to date.
2024-07-24T20:16:59.383Z [Modules] Checking for module updates at https://discord.com/api/modules/stable/versions.json
2024-07-24T20:16:59.423Z [Modules] No module updates available.
2024-07-24T21:16:59.247Z [Modules] Checking for host updates.
2024-07-24T21:16:59.369Z [Modules] Host is up to date.
2024-07-24T21:16:59.369Z [Modules] Checking for module updates at https://discord.com/api/modules/stable/versions.json
2024-07-24T21:16:59.407Z [Modules] No module updates available.
2024-07-24T22:16:59.247Z [Modules] Checking for host updates.
2024-07-24T22:16:59.370Z [Modules] Host is up to date.
2024-07-24T22:16:59.370Z [Modules] Checking for module updates at https://discord.com/api/modules/stable/versions.json
2024-07-24T22:16:59.416Z [Modules] No module updates available.
2024-07-24T23:16:59.247Z [Modules] Checking for host updates.
2024-07-24T23:16:59.377Z [Modules] Host is up to date.
2024-07-24T23:16:59.377Z [Modules] Checking for module updates at https://discord.com/api/modules/stable/versions.json
2024-07-24T23:16:59.413Z [Modules] No module updates available.
2024-07-25T00:16:59.247Z [Modules] Checking for host updates.
2024-07-25T00:16:59.395Z [Modules] Host is up to date.
2024-07-25T00:16:59.395Z [Modules] Checking for module updates at https://discord.com/api/modules/stable/versions.json
2024-07-25T00:16:59.434Z [Modules] No module updates available.
2024-07-25T01:16:59.245Z [Modules] Checking for host updates.
2024-07-25T01:16:59.368Z [Modules] Host is up to date.
2024-07-25T01:16:59.369Z [Modules] Checking for module updates at https://discord.com/api/modules/stable/versions.json
2024-07-25T01:16:59.419Z [Modules] No module updates available.
2024-07-25T02:16:59.249Z [Modules] Checking for host updates.
2024-07-25T02:16:59.425Z [Modules] Host is up to date.
2024-07-25T02:16:59.425Z [Modules] Checking for module updates at https://discord.com/api/modules/stable/versions.json
2024-07-25T02:16:59.470Z [Modules] No module updates available.
2024-07-26T00:21:42.236Z [Modules] Modules initializing
2024-07-26T00:21:42.236Z [Modules] Distribution: remote
2024-07-26T00:21:42.236Z [Modules] Host updates: enabled
2024-07-26T00:21:42.237Z [Modules] Module updates: enabled
2024-07-26T00:21:42.239Z [Modules] Module install path: /home/sauce/.config/discord/0.0.61/modules
2024-07-26T00:21:42.240Z [Modules] Module installed file path: /home/sauce/.config/discord/0.0.61/modules/installed.json
2024-07-26T00:21:42.240Z [Modules] Module download path: /home/sauce/.config/discord/0.0.61/modules/pending
2024-07-26T00:21:42.501Z [Modules] No updates to install
2024-07-26T00:21:42.502Z [Modules] Checking for host updates.
2024-07-26T00:21:42.717Z [Modules] Host is up to date.
2024-07-26T00:21:42.718Z [Modules] Checking for module updates at https://discord.com/api/modules/stable/versions.json
2024-07-26T00:21:42.769Z [Modules] No module updates available.
2024-07-26T00:21:48.591Z [Modules] Checking for host updates.
2024-07-26T00:21:48.653Z [Modules] Host is up to date.
2024-07-26T00:21:48.653Z [Modules] Checking for module updates at https://discord.com/api/modules/stable/versions.json
2024-07-26T00:21:48.656Z [Modules] No module updates available.
2024-07-26T00:36:25.635Z [Modules] Modules initializing
2024-07-26T00:36:25.635Z [Modules] Distribution: remote
2024-07-26T00:36:25.635Z [Modules] Host updates: enabled
2024-07-26T00:36:25.635Z [Modules] Module updates: enabled
2024-07-26T00:36:25.635Z [Modules] Module install path: /home/sauce/.config/discord/0.0.61/modules
2024-07-26T00:36:25.635Z [Modules] Module installed file path: /home/sauce/.config/discord/0.0.61/modules/installed.json
2024-07-26T00:36:25.635Z [Modules] Module download path: /home/sauce/.config/discord/0.0.61/modules/pending
2024-07-26T00:36:25.891Z [Modules] No updates to install
2024-07-26T00:36:25.891Z [Modules] Checking for host updates.
2024-07-26T00:36:26.133Z [Modules] Host is up to date.
2024-07-26T00:36:26.133Z [Modules] Checking for module updates at https://discord.com/api/modules/stable/versions.json
2024-07-26T00:36:26.169Z [Modules] No module updates available.
2024-07-26T00:36:29.858Z [Modules] Checking for host updates.
2024-07-26T00:36:29.913Z [Modules] Host is up to date.
2024-07-26T00:36:29.913Z [Modules] Checking for module updates at https://discord.com/api/modules/stable/versions.json
2024-07-26T00:36:29.915Z [Modules] No module updates available.
2024-07-27T21:58:30.806Z [Modules] Modules initializing
2024-07-27T21:58:30.806Z [Modules] Distribution: remote
2024-07-27T21:58:30.806Z [Modules] Host updates: enabled
2024-07-27T21:58:30.806Z [Modules] Module updates: enabled
2024-07-27T21:58:30.809Z [Modules] Module install path: /home/sauce/.config/discord/0.0.61/modules
2024-07-27T21:58:30.809Z [Modules] Module installed file path: /home/sauce/.config/discord/0.0.61/modules/installed.json
2024-07-27T21:58:30.809Z [Modules] Module download path: /home/sauce/.config/discord/0.0.61/modules/pending
2024-07-27T21:58:31.015Z [Modules] No updates to install
2024-07-27T21:58:31.015Z [Modules] Checking for host updates.
2024-07-27T21:58:31.207Z [Modules] Host is up to date.
2024-07-27T21:58:31.208Z [Modules] Checking for module updates at https://discord.com/api/modules/stable/versions.json
2024-07-27T21:58:31.251Z [Modules] No module updates available.
2024-07-27T21:58:33.731Z [Modules] Checking for host updates.
2024-07-27T21:58:33.804Z [Modules] Host is up to date.
2024-07-27T21:58:33.804Z [Modules] Checking for module updates at https://discord.com/api/modules/stable/versions.json
2024-07-27T21:58:33.807Z [Modules] No module updates available.
2024-07-27T23:07:37.014Z [Modules] Modules initializing
2024-07-27T23:07:37.014Z [Modules] Distribution: remote
2024-07-27T23:07:37.014Z [Modules] Host updates: enabled
2024-07-27T23:07:37.014Z [Modules] Module updates: enabled
2024-07-27T23:07:37.014Z [Modules] Module install path: /home/sauce/.config/discord/0.0.61/modules
2024-07-27T23:07:37.014Z [Modules] Module installed file path: /home/sauce/.config/discord/0.0.61/modules/installed.json
2024-07-27T23:07:37.014Z [Modules] Module download path: /home/sauce/.config/discord/0.0.61/modules/pending
2024-07-27T23:07:37.255Z [Modules] No updates to install
2024-07-27T23:07:37.256Z [Modules] Checking for host updates.
2024-07-27T23:07:37.492Z [Modules] Host is up to date.
2024-07-27T23:07:37.492Z [Modules] Checking for module updates at https://discord.com/api/modules/stable/versions.json
2024-07-27T23:07:37.535Z [Modules] No module updates available.
2024-07-27T23:07:40.283Z [Modules] Checking for host updates.
2024-07-27T23:07:40.345Z [Modules] Host is up to date.
2024-07-27T23:07:40.345Z [Modules] Checking for module updates at https://discord.com/api/modules/stable/versions.json
2024-07-27T23:07:40.348Z [Modules] No module updates available.
2024-07-28T00:07:40.289Z [Modules] Checking for host updates.
2024-07-28T00:07:40.450Z [Modules] Host is up to date.
2024-07-28T00:07:40.450Z [Modules] Checking for module updates at https://discord.com/api/modules/stable/versions.json
2024-07-28T00:07:40.496Z [Modules] No module updates available.
2024-07-28T01:07:40.290Z [Modules] Checking for host updates.
2024-07-28T01:07:40.444Z [Modules] Host is up to date.
2024-07-28T01:07:40.445Z [Modules] Checking for module updates at https://discord.com/api/modules/stable/versions.json
2024-07-28T01:07:40.498Z [Modules] No module updates available.
2024-07-28T02:07:40.283Z [Modules] Checking for host updates.
2024-07-28T02:07:40.431Z [Modules] Host is up to date.
2024-07-28T02:07:40.431Z [Modules] Checking for module updates at https://discord.com/api/modules/stable/versions.json
2024-07-28T02:07:40.473Z [Modules] No module updates available.
2024-07-28T03:07:40.283Z [Modules] Checking for host updates.
2024-07-28T03:07:40.473Z [Modules] Host is up to date.
2024-07-28T03:07:40.473Z [Modules] Checking for module updates at https://discord.com/api/modules/stable/versions.json
2024-07-28T03:07:40.542Z [Modules] No module updates available.
